;  LST file generated by mikroListExporter - v.2.0 
; Date/Time: 7/25/2011 6:12:12 AM
;----------------------------------------------

;Address Opcode 	ASM
0x0000	0xF003EFE1  	GOTO        1986
0x0004	0x0000      	NOP
0x0006	0x0000      	NOP
0x0008	0xF000EF00  	GOTO        0
0x000C	0x0000      	NOP
0x000E	0x0000      	NOP
0x0010	0x0000      	NOP
0x0012	0x0000      	NOP
0x0014	0x0000      	NOP
0x0016	0x0000      	NOP
0x0018	0xD7F3      	BRA         0
_Delay_5500us:
;__Lib_Delays.c,31 :: 		void Delay_5500us() {
;__Lib_Delays.c,32 :: 		Delay_us(5500);
0x001C	0x0E24      	MOVLW       36
0x001E	0x6E0C      	MOVWF       R12, 0
0x0020	0x0EB5      	MOVLW       181
0x0022	0x6E0D      	MOVWF       R13, 0
L_Delay_5500us5:
0x0024	0x2E0D      	DECFSZ      R13, 1, 0
0x0026	0xD7FE      	BRA         L_Delay_5500us5
0x0028	0x2E0C      	DECFSZ      R12, 1, 0
0x002A	0xD7FC      	BRA         L_Delay_5500us5
0x002C	0x0000      	NOP
0x002E	0x0000      	NOP
;__Lib_Delays.c,33 :: 		}
L_end_Delay_5500us:
0x0030	0x0012      	RETURN      0
; end of _Delay_5500us
_Delay_50us:
;__Lib_Delays.c,19 :: 		void Delay_50us() {
;__Lib_Delays.c,20 :: 		Delay_us(50);
0x0032	0x0E53      	MOVLW       83
0x0034	0x6E0D      	MOVWF       R13, 0
L_Delay_50us2:
0x0036	0x2E0D      	DECFSZ      R13, 1, 0
0x0038	0xD7FE      	BRA         L_Delay_50us2
;__Lib_Delays.c,21 :: 		}
L_end_Delay_50us:
0x003A	0x0012      	RETURN      0
; end of _Delay_50us
_Delay_1us:
;__Lib_Delays.c,7 :: 		void Delay_1us() {
;__Lib_Delays.c,8 :: 		Delay_us(1);
0x003C	0x0000      	NOP
0x003E	0x0000      	NOP
0x0040	0x0000      	NOP
0x0042	0x0000      	NOP
0x0044	0x0000      	NOP
;__Lib_Delays.c,9 :: 		}
L_end_Delay_1us:
0x0046	0x0012      	RETURN      0
; end of _Delay_1us
_SETFUN32:
;__Lib_MathDouble.c,144 :: 		
;__Lib_MathDouble.c,152 :: 		
0x0048	0x840B      	BSF         R11, 2, 0
;__Lib_MathDouble.c,153 :: 		
0x004A	0xAE0B      	BTFSS       R11, 7, 0
;__Lib_MathDouble.c,154 :: 		
0x004C	0xF000EF2F  	GOTO        SETFUN32EEE
;__Lib_MathDouble.c,156 :: 		
0x0050	0x0E01      	MOVLW       1
;__Lib_MathDouble.c,157 :: 		
0x0052	0x6E03      	MOVWF       R3, 0
;__Lib_MathDouble.c,158 :: 		
0x0054	0x6A02      	CLRF        R2, 0
;__Lib_MathDouble.c,159 :: 		
0x0056	0x6A01      	CLRF        R1, 0
;__Lib_MathDouble.c,160 :: 		
0x0058	0x6A00      	CLRF        R0, 0
;__Lib_MathDouble.c,161 :: 		
0x005A	0x360A      	RLCF        R10, 1, 0
;__Lib_MathDouble.c,162 :: 		
0x005C	0x3202      	RRCF        R2, 1, 0
;__Lib_MathDouble.c,163 :: 		
SETFUN32EEE:
;__Lib_MathDouble.c,164 :: 		
0x005E	0x0EFF      	MOVLW       255
;__Lib_MathDouble.c,166 :: 		
L_end_SETFUN32:
0x0060	0x0012      	RETURN      0
; end of _SETFUN32
_RES032:
;__Lib_MathDouble.c,128 :: 		
;__Lib_MathDouble.c,134 :: 		
0x0062	0x6A02      	CLRF        R2, 0
;__Lib_MathDouble.c,135 :: 		
0x0064	0x6A01      	CLRF        R1, 0
;__Lib_MathDouble.c,136 :: 		
0x0066	0x6A00      	CLRF        R0, 0
;__Lib_MathDouble.c,137 :: 		
0x0068	0x6A08      	CLRF        R8, 0
;__Lib_MathDouble.c,138 :: 		
0x006A	0x6A03      	CLRF        R3, 0
;__Lib_MathDouble.c,139 :: 		
0x006C	0x0E00      	MOVLW       0
;__Lib_MathDouble.c,141 :: 		
L_end_RES032:
0x006E	0x0012      	RETURN      0
; end of _RES032
_Lcd_Cmd:
;__Lib_Lcd.c,18 :: 		
;__Lib_Lcd.c,20 :: 		
0x0070	0xBE2F      	BTFSC       FARG_Lcd_Cmd_out_char, 7 
0x0072	0xD002      	BRA         L__Lcd_Cmd21
0x0074	0x9E81      	BCF         LCD_D7, BitPos(LCD_D7+0) 
0x0076	0xD001      	BRA         L__Lcd_Cmd22
L__Lcd_Cmd21:
0x0078	0x8E81      	BSF         LCD_D7, BitPos(LCD_D7+0) 
L__Lcd_Cmd22:
;__Lib_Lcd.c,21 :: 		
0x007A	0xBC2F      	BTFSC       FARG_Lcd_Cmd_out_char, 6 
0x007C	0xD002      	BRA         L__Lcd_Cmd23
0x007E	0x9C81      	BCF         LCD_D6, BitPos(LCD_D6+0) 
0x0080	0xD001      	BRA         L__Lcd_Cmd24
L__Lcd_Cmd23:
0x0082	0x8C81      	BSF         LCD_D6, BitPos(LCD_D6+0) 
L__Lcd_Cmd24:
;__Lib_Lcd.c,22 :: 		
0x0084	0xBA2F      	BTFSC       FARG_Lcd_Cmd_out_char, 5 
0x0086	0xD002      	BRA         L__Lcd_Cmd25
0x0088	0x9A81      	BCF         LCD_D5, BitPos(LCD_D5+0) 
0x008A	0xD001      	BRA         L__Lcd_Cmd26
L__Lcd_Cmd25:
0x008C	0x8A81      	BSF         LCD_D5, BitPos(LCD_D5+0) 
L__Lcd_Cmd26:
;__Lib_Lcd.c,23 :: 		
0x008E	0xB82F      	BTFSC       FARG_Lcd_Cmd_out_char, 4 
0x0090	0xD002      	BRA         L__Lcd_Cmd27
0x0092	0x9881      	BCF         LCD_D4, BitPos(LCD_D4+0) 
0x0094	0xD001      	BRA         L__Lcd_Cmd28
L__Lcd_Cmd27:
0x0096	0x8881      	BSF         LCD_D4, BitPos(LCD_D4+0) 
L__Lcd_Cmd28:
;__Lib_Lcd.c,25 :: 		
0x0098	0xB028      	BTFSC       __Lib_Lcd_cmd_status, BitPos(__Lib_Lcd_cmd_status+0) 
0x009A	0xD002      	BRA         L__Lcd_Cmd29
0x009C	0x8484      	BSF         LCD_RS, BitPos(LCD_RS+0) 
0x009E	0xD001      	BRA         L__Lcd_Cmd30
L__Lcd_Cmd29:
0x00A0	0x9484      	BCF         LCD_RS, BitPos(LCD_RS+0) 
L__Lcd_Cmd30:
;__Lib_Lcd.c,28 :: 		
0x00A2	0x8084      	BSF         LCD_EN, BitPos(LCD_EN+0) 
;__Lib_Lcd.c,29 :: 		
0x00A4	0xDFCB      	RCALL       _Delay_1us
;__Lib_Lcd.c,30 :: 		
0x00A6	0x9084      	BCF         LCD_EN, BitPos(LCD_EN+0) 
;__Lib_Lcd.c,33 :: 		
0x00A8	0xB62F      	BTFSC       FARG_Lcd_Cmd_out_char, 3 
0x00AA	0xD002      	BRA         L__Lcd_Cmd31
0x00AC	0x9E81      	BCF         LCD_D7, BitPos(LCD_D7+0) 
0x00AE	0xD001      	BRA         L__Lcd_Cmd32
L__Lcd_Cmd31:
0x00B0	0x8E81      	BSF         LCD_D7, BitPos(LCD_D7+0) 
L__Lcd_Cmd32:
;__Lib_Lcd.c,34 :: 		
0x00B2	0xB42F      	BTFSC       FARG_Lcd_Cmd_out_char, 2 
0x00B4	0xD002      	BRA         L__Lcd_Cmd33
0x00B6	0x9C81      	BCF         LCD_D6, BitPos(LCD_D6+0) 
0x00B8	0xD001      	BRA         L__Lcd_Cmd34
L__Lcd_Cmd33:
0x00BA	0x8C81      	BSF         LCD_D6, BitPos(LCD_D6+0) 
L__Lcd_Cmd34:
;__Lib_Lcd.c,35 :: 		
0x00BC	0xB22F      	BTFSC       FARG_Lcd_Cmd_out_char, 1 
0x00BE	0xD002      	BRA         L__Lcd_Cmd35
0x00C0	0x9A81      	BCF         LCD_D5, BitPos(LCD_D5+0) 
0x00C2	0xD001      	BRA         L__Lcd_Cmd36
L__Lcd_Cmd35:
0x00C4	0x8A81      	BSF         LCD_D5, BitPos(LCD_D5+0) 
L__Lcd_Cmd36:
;__Lib_Lcd.c,36 :: 		
0x00C6	0xB02F      	BTFSC       FARG_Lcd_Cmd_out_char, 0 
0x00C8	0xD002      	BRA         L__Lcd_Cmd37
0x00CA	0x9881      	BCF         LCD_D4, BitPos(LCD_D4+0) 
0x00CC	0xD001      	BRA         L__Lcd_Cmd38
L__Lcd_Cmd37:
0x00CE	0x8881      	BSF         LCD_D4, BitPos(LCD_D4+0) 
L__Lcd_Cmd38:
;__Lib_Lcd.c,38 :: 		
0x00D0	0xB028      	BTFSC       __Lib_Lcd_cmd_status, BitPos(__Lib_Lcd_cmd_status+0) 
0x00D2	0xD002      	BRA         L__Lcd_Cmd39
0x00D4	0x8484      	BSF         LCD_RS, BitPos(LCD_RS+0) 
0x00D6	0xD001      	BRA         L__Lcd_Cmd40
L__Lcd_Cmd39:
0x00D8	0x9484      	BCF         LCD_RS, BitPos(LCD_RS+0) 
L__Lcd_Cmd40:
;__Lib_Lcd.c,40 :: 		
0x00DA	0x8084      	BSF         LCD_EN, BitPos(LCD_EN+0) 
;__Lib_Lcd.c,41 :: 		
0x00DC	0xDFAF      	RCALL       _Delay_1us
;__Lib_Lcd.c,42 :: 		
0x00DE	0x9084      	BCF         LCD_EN, BitPos(LCD_EN+0) 
;__Lib_Lcd.c,44 :: 		
0x00E0	0xA028      	BTFSS       __Lib_Lcd_cmd_status, BitPos(__Lib_Lcd_cmd_status+0) 
0x00E2	0xD002      	BRA         L_Lcd_Cmd0
;__Lib_Lcd.c,45 :: 		
0x00E4	0xDF9B      	RCALL       _Delay_5500us
0x00E6	0xD001      	BRA         L_Lcd_Cmd1
L_Lcd_Cmd0:
;__Lib_Lcd.c,47 :: 		
0x00E8	0xDFA4      	RCALL       _Delay_50us
L_Lcd_Cmd1:
;__Lib_Lcd.c,48 :: 		
L_end_Lcd_Cmd:
0x00EA	0x0012      	RETURN      0
; end of _Lcd_Cmd
_FIXSIGN32:
;__Lib_MathDouble.c,117 :: 		
;__Lib_MathDouble.c,121 :: 		
0x00EC	0xAE0A      	BTFSS       R10, 7, 0
;__Lib_MathDouble.c,122 :: 		
0x00EE	0x9E02      	BCF         R2, 7, 0
;__Lib_MathDouble.c,123 :: 		
0x00F0	0x0E00      	MOVLW       0
;__Lib_MathDouble.c,125 :: 		
L_end_FIXSIGN32:
0x00F2	0x0012      	RETURN      0
; end of _FIXSIGN32
_SETIOV3224:
;__Lib_MathDouble.c,530 :: 		
;__Lib_MathDouble.c,537 :: 		
0x00F4	0x800B      	BSF         R11, 0, 0
;__Lib_MathDouble.c,538 :: 		
0x00F6	0xAE0B      	BTFSS       R11, 7, 0
;__Lib_MathDouble.c,539 :: 		
0x00F8	0xF000EF86  	GOTO        SETIOV3224EEE
;__Lib_MathDouble.c,541 :: 		
0x00FC	0x6A02      	CLRF        R2, 0
;__Lib_MathDouble.c,542 :: 		
0x00FE	0xAE0A      	BTFSS       R10, 7, 0
;__Lib_MathDouble.c,543 :: 		
0x0100	0x0EFF      	MOVLW       255
;__Lib_MathDouble.c,544 :: 		
0x0102	0x6E02      	MOVWF       R2, 0
;__Lib_MathDouble.c,545 :: 		
0x0104	0x6E01      	MOVWF       R1, 0
;__Lib_MathDouble.c,546 :: 		
0x0106	0x6E00      	MOVWF       R0, 0
;__Lib_MathDouble.c,547 :: 		
0x0108	0x360A      	RLCF        R10, 1, 0
;__Lib_MathDouble.c,548 :: 		
0x010A	0x3202      	RRCF        R2, 1, 0
;__Lib_MathDouble.c,549 :: 		
SETIOV3224EEE:
;__Lib_MathDouble.c,550 :: 		
0x010C	0x0EFF      	MOVLW       255
;__Lib_MathDouble.c,552 :: 		
L_end_SETIOV3224:
0x010E	0x0012      	RETURN      0
; end of _SETIOV3224
_Lcd_Chr_CP:
;__Lib_Lcd.c,50 :: 		
;__Lib_Lcd.c,52 :: 		
0x0110	0x9028      	BCF         __Lib_Lcd_cmd_status, BitPos(__Lib_Lcd_cmd_status+0) 
;__Lib_Lcd.c,53 :: 		
0x0112	0xF02FC02E  	MOVFF       FARG_Lcd_Chr_CP_out_char, FARG_Lcd_Cmd_out_char
0x0116	0xDFAC      	RCALL       _Lcd_Cmd
;__Lib_Lcd.c,54 :: 		
0x0118	0x8028      	BSF         __Lib_Lcd_cmd_status, BitPos(__Lib_Lcd_cmd_status+0) 
;__Lib_Lcd.c,55 :: 		
L_end_Lcd_Chr_CP:
0x011A	0x0012      	RETURN      0
; end of _Lcd_Chr_CP
_SETFDZ32:
;__Lib_MathDouble.c,106 :: 		
;__Lib_MathDouble.c,110 :: 		
0x011C	0x6A0B      	CLRF        R11, 0
;__Lib_MathDouble.c,111 :: 		
0x011E	0x860B      	BSF         R11, 3, 0
;__Lib_MathDouble.c,112 :: 		
0x0120	0x0EFF      	MOVLW       255
;__Lib_MathDouble.c,114 :: 		
L_end_SETFDZ32:
0x0122	0x0012      	RETURN      0
; end of _SETFDZ32
_Div_16x16_S_L:
;__Lib_Math.c,139 :: 		
;__Lib_Math.c,146 :: 		
0x0124	0x3401      	RLCF        R1, 0, 0
;__Lib_Math.c,147 :: 		
0x0126	0x3608      	RLCF        R8, 1, 0
;__Lib_Math.c,148 :: 		
0x0128	0x3609      	RLCF        R9, 1, 0
;__Lib_Math.c,149 :: 		
0x012A	0x5004      	MOVF        R4, 0, 0
;__Lib_Math.c,150 :: 		
0x012C	0x5E08      	SUBWF       R8, 1, 0
;__Lib_Math.c,151 :: 		
0x012E	0x5005      	MOVF        R5, 0, 0
;__Lib_Math.c,152 :: 		
0x0130	0xA0D8      	BTFSS       STATUS, 0, 0
;__Lib_Math.c,153 :: 		
0x0132	0x3C05      	INCFSZ      R5, 0, 0
;__Lib_Math.c,154 :: 		
0x0134	0x5E09      	SUBWF       R9, 1, 0
;__Lib_Math.c,155 :: 		
0x0136	0x3600      	RLCF        R0, 1, 0
;__Lib_Math.c,156 :: 		
0x0138	0x3601      	RLCF        R1, 1, 0
;__Lib_Math.c,158 :: 		
0x013A	0x0E0F      	MOVLW       15
;__Lib_Math.c,159 :: 		
0x013C	0x6E0C      	MOVWF       R12, 0
;__Lib_Math.c,161 :: 		
0x013E	0x3401      	RLCF        R1, 0, 0
;__Lib_Math.c,162 :: 		
0x0140	0x3608      	RLCF        R8, 1, 0
;__Lib_Math.c,163 :: 		
0x0142	0x3609      	RLCF        R9, 1, 0
;__Lib_Math.c,164 :: 		
0x0144	0x5004      	MOVF        R4, 0, 0
;__Lib_Math.c,166 :: 		
0x0146	0xA000      	BTFSS       R0, 0, 0
;__Lib_Math.c,167 :: 		
0x0148	0xD006      	BRA         $+14
;__Lib_Math.c,168 :: 		
0x014A	0x5E08      	SUBWF       R8, 1, 0
;__Lib_Math.c,169 :: 		
0x014C	0x5005      	MOVF        R5, 0, 0
;__Lib_Math.c,170 :: 		
0x014E	0xA0D8      	BTFSS       STATUS, 0, 0
;__Lib_Math.c,171 :: 		
0x0150	0x3C05      	INCFSZ      R5, 0, 0
;__Lib_Math.c,172 :: 		
0x0152	0x5E09      	SUBWF       R9, 1, 0
;__Lib_Math.c,173 :: 		
0x0154	0xD005      	BRA         $+12
;__Lib_Math.c,175 :: 		
0x0156	0x2608      	ADDWF       R8, 1, 0
;__Lib_Math.c,176 :: 		
0x0158	0x5005      	MOVF        R5, 0, 0
;__Lib_Math.c,177 :: 		
0x015A	0xB0D8      	BTFSC       STATUS, 0, 0
;__Lib_Math.c,178 :: 		
0x015C	0x3C05      	INCFSZ      R5, 0, 0
;__Lib_Math.c,179 :: 		
0x015E	0x2609      	ADDWF       R9, 1, 0
;__Lib_Math.c,181 :: 		
0x0160	0x3600      	RLCF        R0, 1, 0
;__Lib_Math.c,182 :: 		
0x0162	0x3601      	RLCF        R1, 1, 0
;__Lib_Math.c,184 :: 		
0x0164	0x2E0C      	DECFSZ      R12, 1, 0
;__Lib_Math.c,185 :: 		
0x0166	0xD7EB      	BRA         $-40
;__Lib_Math.c,187 :: 		
0x0168	0xB000      	BTFSC       R0, 0, 0
;__Lib_Math.c,188 :: 		
0x016A	0xD006      	BRA         $+14
;__Lib_Math.c,189 :: 		
0x016C	0x5004      	MOVF        R4, 0, 0
;__Lib_Math.c,190 :: 		
0x016E	0x2608      	ADDWF       R8, 1, 0
;__Lib_Math.c,191 :: 		
0x0170	0x5005      	MOVF        R5, 0, 0
;__Lib_Math.c,192 :: 		
0x0172	0xB0D8      	BTFSC       STATUS, 0, 0
;__Lib_Math.c,193 :: 		
0x0174	0x3C05      	INCFSZ      R5, 0, 0
;__Lib_Math.c,194 :: 		
0x0176	0x2609      	ADDWF       R9, 1, 0
;__Lib_Math.c,195 :: 		
0x0178	0x0000      	NOP
;__Lib_Math.c,197 :: 		
L_end_Div_16x16_S_L:
0x017A	0x0012      	RETURN      0
; end of _Div_16x16_S_L
_SETFOV32:
;__Lib_MathDouble.c,82 :: 		
;__Lib_MathDouble.c,90 :: 		
0x017C	0x820B      	BSF         R11, 1, 0
;__Lib_MathDouble.c,91 :: 		
0x017E	0xAE0B      	BTFSS       R11, 7, 0
;__Lib_MathDouble.c,92 :: 		
0x0180	0xF000EFC8  	GOTO        SETFOV32EEE
;__Lib_MathDouble.c,94 :: 		
0x0184	0x6803      	SETF        R3, 0
;__Lib_MathDouble.c,95 :: 		
0x0186	0x6802      	SETF        R2, 0
;__Lib_MathDouble.c,96 :: 		
0x0188	0x6801      	SETF        R1, 0
;__Lib_MathDouble.c,97 :: 		
0x018A	0x6800      	SETF        R0, 0
;__Lib_MathDouble.c,98 :: 		
0x018C	0x360A      	RLCF        R10, 1, 0
;__Lib_MathDouble.c,99 :: 		
0x018E	0x3202      	RRCF        R2, 1, 0
;__Lib_MathDouble.c,100 :: 		
SETFOV32EEE:
;__Lib_MathDouble.c,101 :: 		
0x0190	0x0EFF      	MOVLW       255
;__Lib_MathDouble.c,103 :: 		
L_end_SETFOV32:
0x0192	0x0012      	RETURN      0
; end of _SETFOV32
_NRM3232:
;__Lib_MathDouble.c,455 :: 		
;__Lib_MathDouble.c,463 :: 		
0x0194	0x6A0C      	CLRF        R12, 0
;__Lib_MathDouble.c,464 :: 		
0x0196	0x6A0E      	CLRF        R14, 0
;__Lib_MathDouble.c,465 :: 		
0x0198	0x5002      	MOVF        R2, 0, 0
;__Lib_MathDouble.c,466 :: 		
0x019A	0xA4D8      	BTFSS       STATUS, 2, 0
;__Lib_MathDouble.c,467 :: 		
0x019C	0xF000EFE3  	GOTO        NORM3232
;__Lib_MathDouble.c,468 :: 		
0x01A0	0xF002C001  	MOVFF       R1, R2
;__Lib_MathDouble.c,469 :: 		
0x01A4	0xF001C000  	MOVFF       R0, R1
;__Lib_MathDouble.c,470 :: 		
0x01A8	0x6A00      	CLRF        R0, 0
;__Lib_MathDouble.c,471 :: 		
0x01AA	0x860E      	BSF         R14, 3, 0
;__Lib_MathDouble.c,473 :: 		
0x01AC	0x5002      	MOVF        R2, 0, 0
;__Lib_MathDouble.c,474 :: 		
0x01AE	0xA4D8      	BTFSS       STATUS, 2, 0
;__Lib_MathDouble.c,475 :: 		
0x01B0	0xF000EFE3  	GOTO        NORM3232
;__Lib_MathDouble.c,476 :: 		
0x01B4	0xF002C001  	MOVFF       R1, R2
;__Lib_MathDouble.c,477 :: 		
0x01B8	0x6A01      	CLRF        R1, 0
;__Lib_MathDouble.c,478 :: 		
0x01BA	0x960E      	BCF         R14, 3, 0
;__Lib_MathDouble.c,479 :: 		
0x01BC	0x880E      	BSF         R14, 4, 0
;__Lib_MathDouble.c,481 :: 		
0x01BE	0x5002      	MOVF        R2, 0, 0
;__Lib_MathDouble.c,482 :: 		
0x01C0	0xB4D8      	BTFSC       STATUS, 2, 0
;__Lib_MathDouble.c,483 :: 		
0x01C2	0xF000EFF5  	GOTO        JPNRES032
;__Lib_MathDouble.c,484 :: 		
NORM3232:
;__Lib_MathDouble.c,485 :: 		
0x01C6	0x500E      	MOVF        R14, 0, 0
;__Lib_MathDouble.c,486 :: 		
0x01C8	0x5E03      	SUBWF       R3, 1, 0
;__Lib_MathDouble.c,487 :: 		
0x01CA	0xA4D8      	BTFSS       STATUS, 2, 0
;__Lib_MathDouble.c,488 :: 		
0x01CC	0xA0D8      	BTFSS       STATUS, 0, 0
;__Lib_MathDouble.c,489 :: 		
0x01CE	0xF000EFFA  	GOTO        JPNSETFUN32
;__Lib_MathDouble.c,490 :: 		
0x01D2	0x90D8      	BCF         STATUS, 0, 0
;__Lib_MathDouble.c,491 :: 		
NORM3232A:
;__Lib_MathDouble.c,492 :: 		
0x01D4	0xBE02      	BTFSC       R2, 7, 0
;__Lib_MathDouble.c,493 :: 		
0x01D6	0xF000EFFF  	GOTO        JMPNFIXSIGN32
;__Lib_MathDouble.c,494 :: 		
0x01DA	0x3600      	RLCF        R0, 1, 0
;__Lib_MathDouble.c,495 :: 		
0x01DC	0x3601      	RLCF        R1, 1, 0
;__Lib_MathDouble.c,496 :: 		
0x01DE	0x3602      	RLCF        R2, 1, 0
;__Lib_MathDouble.c,497 :: 		
0x01E0	0x2E03      	DECFSZ      R3, 1, 0
;__Lib_MathDouble.c,498 :: 		
0x01E2	0xF000EFEA  	GOTO        NORM3232A
;__Lib_MathDouble.c,499 :: 		
0x01E6	0xF000EFFA  	GOTO        JPNSETFUN32
;__Lib_MathDouble.c,500 :: 		
JPNRES032:
;__Lib_MathDouble.c,501 :: 		
0x01EA	0x0E01      	MOVLW       1
;__Lib_MathDouble.c,502 :: 		
0x01EC	0x6E0C      	MOVWF       R12, 0
;__Lib_MathDouble.c,504 :: 		
0x01EE	0xDF39      	RCALL       _RES032
;__Lib_MathDouble.c,506 :: 		
0x01F0	0xF001EF02  	GOTO        NORM32EEE
;__Lib_MathDouble.c,507 :: 		
JPNSETFUN32:
;__Lib_MathDouble.c,508 :: 		
0x01F4	0x0E02      	MOVLW       2
;__Lib_MathDouble.c,509 :: 		
0x01F6	0x6E0C      	MOVWF       R12, 0
;__Lib_MathDouble.c,511 :: 		
0x01F8	0xDF27      	RCALL       _SETFUN32
;__Lib_MathDouble.c,513 :: 		
0x01FA	0xF001EF02  	GOTO        NORM32EEE
;__Lib_MathDouble.c,514 :: 		
JMPNFIXSIGN32:
;__Lib_MathDouble.c,515 :: 		
0x01FE	0x0E04      	MOVLW       4
;__Lib_MathDouble.c,516 :: 		
0x0200	0x6E0C      	MOVWF       R12, 0
;__Lib_MathDouble.c,518 :: 		
0x0202	0xDF74      	RCALL       _FIXSIGN32
;__Lib_MathDouble.c,520 :: 		
NORM32EEE:
;__Lib_MathDouble.c,527 :: 		
L_end_NRM3232:
0x0204	0x0012      	RETURN      0
; end of _NRM3232
_Delay_22us:
;__Lib_Delays.c,15 :: 		void Delay_22us() {
;__Lib_Delays.c,16 :: 		Delay_us(22);
0x0206	0x0E24      	MOVLW       36
0x0208	0x6E0D      	MOVWF       R13, 0
L_Delay_22us1:
0x020A	0x2E0D      	DECFSZ      R13, 1, 0
0x020C	0xD7FE      	BRA         L_Delay_22us1
0x020E	0x0000      	NOP
;__Lib_Delays.c,17 :: 		}
L_end_Delay_22us:
0x0210	0x0012      	RETURN      0
; end of _Delay_22us
___CC2DW:
;__Lib_System.c,21 :: 		
;__Lib_System.c,23 :: 		
_CC2DL_Loop1:
;__Lib_System.c,24 :: 		
0x0212	0x0009      	TBLRD*+
;__Lib_System.c,25 :: 		
0x0214	0xFFE6CFF5  	MOVFF       TABLAT, POSTINC1
;__Lib_System.c,26 :: 		
0x0218	0x0600      	DECF        R0, 1, 0
;__Lib_System.c,27 :: 		
0x021A	0xE1FB      	BNZ         _CC2DL_Loop1
;__Lib_System.c,28 :: 		
0x021C	0x0601      	DECF        R1, 1, 0
;__Lib_System.c,29 :: 		
0x021E	0xE1F9      	BNZ         _CC2DL_Loop1
;__Lib_System.c,31 :: 		
L_end___CC2DW:
0x0220	0x0012      	RETURN      0
; end of ___CC2DW
_Div_32x32_FP:
;__Lib_MathDouble.c,1325 :: 		
;__Lib_MathDouble.c,1339 :: 		
0x0222	0x5004      	MOVF        R4, 0 
0x0224	0x0A00      	XORLW       0
0x0226	0xE112      	BNZ         L_Div_32x32_FP11
;__Lib_MathDouble.c,1340 :: 		
0x0228	0x5005      	MOVF        R5, 0 
0x022A	0x0A00      	XORLW       0
0x022C	0xE10F      	BNZ         L_Div_32x32_FP12
;__Lib_MathDouble.c,1341 :: 		
0x022E	0x5006      	MOVF        R6, 0 
0x0230	0x0A00      	XORLW       0
0x0232	0xE10C      	BNZ         L_Div_32x32_FP13
;__Lib_MathDouble.c,1342 :: 		
0x0234	0x5007      	MOVF        R7, 0 
0x0236	0x0A00      	XORLW       0
0x0238	0xE109      	BNZ         L_Div_32x32_FP14
;__Lib_MathDouble.c,1343 :: 		
0x023A	0x0EFF      	MOVLW       255
0x023C	0x6E00      	MOVWF       R0 
;__Lib_MathDouble.c,1344 :: 		
0x023E	0x0EFF      	MOVLW       255
0x0240	0x6E01      	MOVWF       R1 
;__Lib_MathDouble.c,1345 :: 		
0x0242	0x0E7F      	MOVLW       127
0x0244	0x6E02      	MOVWF       R2 
;__Lib_MathDouble.c,1346 :: 		
0x0246	0x0EFF      	MOVLW       255
0x0248	0x6E03      	MOVWF       R3 
;__Lib_MathDouble.c,1347 :: 		
0x024A	0xD0A4      	BRA         L_end_Div_32x32_FP
;__Lib_MathDouble.c,1348 :: 		
L_Div_32x32_FP14:
L_Div_32x32_FP13:
L_Div_32x32_FP12:
L_Div_32x32_FP11:
;__Lib_MathDouble.c,1353 :: 		
0x024C	0x6A08      	CLRF        R8, 0
;__Lib_MathDouble.c,1354 :: 		
0x024E	0x6A09      	CLRF        R9, 0
;__Lib_MathDouble.c,1356 :: 		
0x0250	0x5007      	MOVF        R7, 0, 0
;__Lib_MathDouble.c,1357 :: 		
0x0252	0xB4D8      	BTFSC       STATUS, 2, 0
;__Lib_MathDouble.c,1358 :: 		
0x0254	0xF001EFBC  	GOTO        JPDSETFDZ32
;__Lib_MathDouble.c,1360 :: 		
0x0258	0x5003      	MOVF        R3, 0, 0
;__Lib_MathDouble.c,1361 :: 		
0x025A	0xB4D8      	BTFSC       STATUS, 2, 0
;__Lib_MathDouble.c,1362 :: 		
0x025C	0xF001EFC0  	GOTO        JPDRES032
;__Lib_MathDouble.c,1364 :: 		
0x0260	0x5002      	MOVF        R2, 0, 0
;__Lib_MathDouble.c,1365 :: 		
0x0262	0x1806      	XORWF       R6, 0, 0
;__Lib_MathDouble.c,1366 :: 		
0x0264	0x6E0A      	MOVWF       R10, 0
;__Lib_MathDouble.c,1367 :: 		
0x0266	0x8E02      	BSF         R2, 7, 0
;__Lib_MathDouble.c,1368 :: 		
0x0268	0x8E06      	BSF         R6, 7, 0
;__Lib_MathDouble.c,1370 :: 		
0x026A	0x6A0E      	CLRF        R14, 0
;__Lib_MathDouble.c,1371 :: 		
0x026C	0xF008C002  	MOVFF       R2, R8
;__Lib_MathDouble.c,1372 :: 		
0x0270	0xF00CC001  	MOVFF       R1, R12
;__Lib_MathDouble.c,1373 :: 		
0x0274	0xF00DC000  	MOVFF       R0, R13
;__Lib_MathDouble.c,1375 :: 		
0x0278	0x5004      	MOVF        R4, 0, 0
;__Lib_MathDouble.c,1376 :: 		
0x027A	0x5E0D      	SUBWF       R13, 1, 0
;__Lib_MathDouble.c,1377 :: 		
0x027C	0x5005      	MOVF        R5, 0, 0
;__Lib_MathDouble.c,1378 :: 		
0x027E	0xA0D8      	BTFSS       STATUS, 0, 0
;__Lib_MathDouble.c,1379 :: 		
0x0280	0x3C05      	INCFSZ      R5, 0, 0
;__Lib_MathDouble.c,1381 :: 		
0x0282	0x5E0C      	SUBWF       R12, 1, 0
;__Lib_MathDouble.c,1382 :: 		
0x0284	0x5006      	MOVF        R6, 0, 0
;__Lib_MathDouble.c,1383 :: 		
0x0286	0xA0D8      	BTFSS       STATUS, 0, 0
;__Lib_MathDouble.c,1384 :: 		
0x0288	0x3C06      	INCFSZ      R6, 0, 0
;__Lib_MathDouble.c,1386 :: 		
0x028A	0x5E08      	SUBWF       R8, 1, 0
;__Lib_MathDouble.c,1387 :: 		
0x028C	0x6A08      	CLRF        R8, 0
;__Lib_MathDouble.c,1388 :: 		
0x028E	0x6A0C      	CLRF        R12, 0
;__Lib_MathDouble.c,1389 :: 		
0x0290	0x6A0D      	CLRF        R13, 0
;__Lib_MathDouble.c,1390 :: 		
0x0292	0xA0D8      	BTFSS       STATUS, 0, 0
;__Lib_MathDouble.c,1391 :: 		
0x0294	0xF001EF53  	GOTO        DALIGN32OK
;__Lib_MathDouble.c,1393 :: 		
0x0298	0x90D8      	BCF         STATUS, 0, 0
;__Lib_MathDouble.c,1394 :: 		
0x029A	0x3202      	RRCF        R2, 1, 0
;__Lib_MathDouble.c,1395 :: 		
0x029C	0x3201      	RRCF        R1, 1, 0
;__Lib_MathDouble.c,1396 :: 		
0x029E	0x3200      	RRCF        R0, 1, 0
;__Lib_MathDouble.c,1397 :: 		
0x02A0	0x3208      	RRCF        R8, 1, 0
;__Lib_MathDouble.c,1398 :: 		
0x02A2	0x0E01      	MOVLW       1
;__Lib_MathDouble.c,1399 :: 		
0x02A4	0x6E0E      	MOVWF       R14, 0
;__Lib_MathDouble.c,1400 :: 		
DALIGN32OK:
;__Lib_MathDouble.c,1401 :: 		
0x02A6	0x5007      	MOVF        R7, 0, 0
;__Lib_MathDouble.c,1402 :: 		
0x02A8	0x5E03      	SUBWF       R3, 1, 0
;__Lib_MathDouble.c,1403 :: 		
0x02AA	0xA0D8      	BTFSS       STATUS, 0, 0
;__Lib_MathDouble.c,1404 :: 		
0x02AC	0xF001EF60  	GOTO        ALTB32
;__Lib_MathDouble.c,1406 :: 		
0x02B0	0x0E7E      	MOVLW       126
;__Lib_MathDouble.c,1407 :: 		
0x02B2	0x240E      	ADDWF       R14, 0, 0
;__Lib_MathDouble.c,1408 :: 		
0x02B4	0x2603      	ADDWF       R3, 1, 0
;__Lib_MathDouble.c,1409 :: 		
0x02B6	0xB0D8      	BTFSC       STATUS, 0, 0
;__Lib_MathDouble.c,1410 :: 		
0x02B8	0xF001EFC4  	GOTO        JPDSETFOV32
;__Lib_MathDouble.c,1411 :: 		
0x02BC	0xF001EF66  	GOTO        DARGOK32
;__Lib_MathDouble.c,1412 :: 		
ALTB32:
;__Lib_MathDouble.c,1413 :: 		
0x02C0	0x0E7E      	MOVLW       126
;__Lib_MathDouble.c,1414 :: 		
0x02C2	0x240E      	ADDWF       R14, 0, 0
;__Lib_MathDouble.c,1415 :: 		
0x02C4	0x2603      	ADDWF       R3, 1, 0
;__Lib_MathDouble.c,1416 :: 		
0x02C6	0xA0D8      	BTFSS       STATUS, 0, 0
;__Lib_MathDouble.c,1417 :: 		
0x02C8	0xF001EFC8  	GOTO        JPDSETFUN32
;__Lib_MathDouble.c,1418 :: 		
DARGOK32:
;__Lib_MathDouble.c,1419 :: 		
0x02CC	0x0E18      	MOVLW       24
;__Lib_MathDouble.c,1420 :: 		
0x02CE	0x6E0B      	MOVWF       R11, 0
;__Lib_MathDouble.c,1421 :: 		
DLOOP32:
;__Lib_MathDouble.c,1422 :: 		
0x02D0	0x360D      	RLCF        R13, 1, 0
;__Lib_MathDouble.c,1423 :: 		
0x02D2	0x360C      	RLCF        R12, 1, 0
;__Lib_MathDouble.c,1424 :: 		
0x02D4	0x3608      	RLCF        R8, 1, 0
;__Lib_MathDouble.c,1425 :: 		
0x02D6	0x3600      	RLCF        R0, 1, 0
;__Lib_MathDouble.c,1426 :: 		
0x02D8	0x3601      	RLCF        R1, 1, 0
;__Lib_MathDouble.c,1427 :: 		
0x02DA	0x3602      	RLCF        R2, 1, 0
;__Lib_MathDouble.c,1428 :: 		
0x02DC	0x360E      	RLCF        R14, 1, 0
;__Lib_MathDouble.c,1430 :: 		
0x02DE	0x5004      	MOVF        R4, 0, 0
;__Lib_MathDouble.c,1431 :: 		
0x02E0	0x5E00      	SUBWF       R0, 1, 0
;__Lib_MathDouble.c,1432 :: 		
0x02E2	0x5005      	MOVF        R5, 0, 0
;__Lib_MathDouble.c,1433 :: 		
0x02E4	0xA0D8      	BTFSS       STATUS, 0, 0
;__Lib_MathDouble.c,1434 :: 		
0x02E6	0x3C05      	INCFSZ      R5, 0, 0
;__Lib_MathDouble.c,1436 :: 		
0x02E8	0x5E01      	SUBWF       R1, 1, 0
;__Lib_MathDouble.c,1437 :: 		
0x02EA	0x5006      	MOVF        R6, 0, 0
;__Lib_MathDouble.c,1438 :: 		
0x02EC	0xA0D8      	BTFSS       STATUS, 0, 0
;__Lib_MathDouble.c,1439 :: 		
0x02EE	0x3C06      	INCFSZ      R6, 0, 0
;__Lib_MathDouble.c,1441 :: 		
0x02F0	0x5E02      	SUBWF       R2, 1, 0
;__Lib_MathDouble.c,1442 :: 		
0x02F2	0x3406      	RLCF        R6, 0, 0
;__Lib_MathDouble.c,1443 :: 		
0x02F4	0x120E      	IORWF       R14, 1, 0
;__Lib_MathDouble.c,1444 :: 		
0x02F6	0xA00E      	BTFSS       R14, 0, 0
;__Lib_MathDouble.c,1445 :: 		
0x02F8	0xF001EF81  	GOTO        DREST32
;__Lib_MathDouble.c,1446 :: 		
0x02FC	0x800D      	BSF         R13, 0, 0
;__Lib_MathDouble.c,1447 :: 		
0x02FE	0xF001EF8C  	GOTO        DOK32
;__Lib_MathDouble.c,1448 :: 		
DREST32:
;__Lib_MathDouble.c,1449 :: 		
0x0302	0x5004      	MOVF        R4, 0, 0
;__Lib_MathDouble.c,1450 :: 		
0x0304	0x2600      	ADDWF       R0, 1, 0
;__Lib_MathDouble.c,1451 :: 		
0x0306	0x5005      	MOVF        R5, 0, 0
;__Lib_MathDouble.c,1452 :: 		
0x0308	0xB0D8      	BTFSC       STATUS, 0, 0
;__Lib_MathDouble.c,1453 :: 		
0x030A	0x3C05      	INCFSZ      R5, 0, 0
;__Lib_MathDouble.c,1455 :: 		
0x030C	0x2601      	ADDWF       R1, 1, 0
;__Lib_MathDouble.c,1456 :: 		
0x030E	0x5006      	MOVF        R6, 0, 0
;__Lib_MathDouble.c,1457 :: 		
0x0310	0xB0D8      	BTFSC       STATUS, 0, 0
;__Lib_MathDouble.c,1458 :: 		
0x0312	0x2806      	INCF        R6, 0, 0
;__Lib_MathDouble.c,1459 :: 		
0x0314	0x2602      	ADDWF       R2, 1, 0
;__Lib_MathDouble.c,1460 :: 		
0x0316	0x900D      	BCF         R13, 0, 0
;__Lib_MathDouble.c,1461 :: 		
DOK32:
;__Lib_MathDouble.c,1462 :: 		
0x0318	0x2E0B      	DECFSZ      R11, 1, 0
;__Lib_MathDouble.c,1463 :: 		
0x031A	0xF001EF68  	GOTO        DLOOP32
;__Lib_MathDouble.c,1467 :: 		
0x031E	0xF001EFB2  	GOTO        DIV32OK
;__Lib_MathDouble.c,1468 :: 		
0x0322	0x90D8      	BCF         STATUS, 0, 0
;__Lib_MathDouble.c,1469 :: 		
0x0324	0x3600      	RLCF        R0, 1, 0
;__Lib_MathDouble.c,1470 :: 		
0x0326	0x3601      	RLCF        R1, 1, 0
;__Lib_MathDouble.c,1471 :: 		
0x0328	0x3602      	RLCF        R2, 1, 0
;__Lib_MathDouble.c,1472 :: 		
0x032A	0x360E      	RLCF        R14, 1, 0
;__Lib_MathDouble.c,1474 :: 		
0x032C	0x5004      	MOVF        R4, 0, 0
;__Lib_MathDouble.c,1475 :: 		
0x032E	0x5E00      	SUBWF       R0, 1, 0
;__Lib_MathDouble.c,1476 :: 		
0x0330	0x5005      	MOVF        R5, 0, 0
;__Lib_MathDouble.c,1477 :: 		
0x0332	0xA0D8      	BTFSS       STATUS, 0, 0
;__Lib_MathDouble.c,1478 :: 		
0x0334	0x3C05      	INCFSZ      R5, 0, 0
;__Lib_MathDouble.c,1479 :: 		
0x0336	0x5E01      	SUBWF       R1, 1, 0
;__Lib_MathDouble.c,1480 :: 		
0x0338	0x5006      	MOVF        R6, 0, 0
;__Lib_MathDouble.c,1481 :: 		
0x033A	0xA0D8      	BTFSS       STATUS, 0, 0
;__Lib_MathDouble.c,1482 :: 		
0x033C	0x3C06      	INCFSZ      R6, 0, 0
;__Lib_MathDouble.c,1483 :: 		
0x033E	0x5E02      	SUBWF       R2, 1, 0
;__Lib_MathDouble.c,1484 :: 		
0x0340	0x3406      	RLCF        R6, 0, 0
;__Lib_MathDouble.c,1485 :: 		
0x0342	0x100E      	IORWF       R14, 0, 0
;__Lib_MathDouble.c,1486 :: 		
0x0344	0x0B01      	ANDLW       1
;__Lib_MathDouble.c,1487 :: 		
0x0346	0x260D      	ADDWF       R13, 1, 0
;__Lib_MathDouble.c,1488 :: 		
0x0348	0xB0D8      	BTFSC       STATUS, 0, 0
;__Lib_MathDouble.c,1489 :: 		
0x034A	0x2A0C      	INCF        R12, 1, 0
;__Lib_MathDouble.c,1490 :: 		
0x034C	0xB4D8      	BTFSC       STATUS, 2, 0
;__Lib_MathDouble.c,1491 :: 		
0x034E	0x2A08      	INCF        R8, 1, 0
;__Lib_MathDouble.c,1492 :: 		
0x0350	0xA4D8      	BTFSS       STATUS, 2, 0
;__Lib_MathDouble.c,1493 :: 		
0x0352	0xF001EFB2  	GOTO        DIV32OK
;__Lib_MathDouble.c,1494 :: 		
0x0356	0x3208      	RRCF        R8, 1, 0
;__Lib_MathDouble.c,1495 :: 		
0x0358	0x320C      	RRCF        R12, 1, 0
;__Lib_MathDouble.c,1496 :: 		
0x035A	0x320D      	RRCF        R13, 1, 0
;__Lib_MathDouble.c,1497 :: 		
0x035C	0x2A03      	INCF        R3, 1, 0
;__Lib_MathDouble.c,1498 :: 		
0x035E	0xB4D8      	BTFSC       STATUS, 2, 0
;__Lib_MathDouble.c,1499 :: 		
0x0360	0xF001EFC4  	GOTO        JPDSETFOV32
;__Lib_MathDouble.c,1500 :: 		
DIV32OK:
;__Lib_MathDouble.c,1501 :: 		
0x0364	0xAE0A      	BTFSS       R10, 7, 0
;__Lib_MathDouble.c,1502 :: 		
0x0366	0x9E08      	BCF         R8, 7, 0
;__Lib_MathDouble.c,1503 :: 		
0x0368	0x5008      	MOVF        R8, 0, 0
;__Lib_MathDouble.c,1504 :: 		
0x036A	0x6E02      	MOVWF       R2, 0
;__Lib_MathDouble.c,1505 :: 		
0x036C	0x500C      	MOVF        R12, 0, 0
;__Lib_MathDouble.c,1506 :: 		
0x036E	0x6E01      	MOVWF       R1, 0
;__Lib_MathDouble.c,1507 :: 		
0x0370	0x500D      	MOVF        R13, 0, 0
;__Lib_MathDouble.c,1508 :: 		
0x0372	0x6E00      	MOVWF       R0, 0
;__Lib_MathDouble.c,1511 :: 		
0x0374	0xF001EFCA  	GOTO        DIV32EEE
;__Lib_MathDouble.c,1512 :: 		
JPDSETFDZ32:
;__Lib_MathDouble.c,1513 :: 		
0x0378	0x0E01      	MOVLW       1
;__Lib_MathDouble.c,1516 :: 		
0x037A	0xDED0      	RCALL       _SETFDZ32
;__Lib_MathDouble.c,1518 :: 		
0x037C	0xF001EFCA  	GOTO        DIV32EEE
;__Lib_MathDouble.c,1519 :: 		
JPDRES032:
;__Lib_MathDouble.c,1520 :: 		
0x0380	0x0E02      	MOVLW       2
;__Lib_MathDouble.c,1523 :: 		
0x0382	0xDE6F      	RCALL       _RES032
;__Lib_MathDouble.c,1525 :: 		
0x0384	0xF001EFCA  	GOTO        DIV32EEE
;__Lib_MathDouble.c,1526 :: 		
JPDSETFOV32:
;__Lib_MathDouble.c,1527 :: 		
0x0388	0x0E04      	MOVLW       4
;__Lib_MathDouble.c,1530 :: 		
0x038A	0xDEF8      	RCALL       _SETFOV32
;__Lib_MathDouble.c,1532 :: 		
0x038C	0xF001EFCA  	GOTO        DIV32EEE
;__Lib_MathDouble.c,1533 :: 		
JPDSETFUN32:
;__Lib_MathDouble.c,1534 :: 		
0x0390	0x0E08      	MOVLW       8
;__Lib_MathDouble.c,1537 :: 		
0x0392	0xDE5A      	RCALL       _SETFUN32
;__Lib_MathDouble.c,1539 :: 		
DIV32EEE:
;__Lib_MathDouble.c,1547 :: 		
L_end_Div_32x32_FP:
0x0394	0x0012      	RETURN      0
; end of _Div_32x32_FP
_Lcd_Init:
;__Lib_Lcd.c,84 :: 		
;__Lib_Lcd.c,86 :: 		
0x0396	0x9096      	BCF         LCD_EN_Direction, BitPos(LCD_EN_Direction+0) 
;__Lib_Lcd.c,87 :: 		
0x0398	0x9496      	BCF         LCD_RS_Direction, BitPos(LCD_RS_Direction+0) 
;__Lib_Lcd.c,88 :: 		
0x039A	0x9893      	BCF         LCD_D4_Direction, BitPos(LCD_D4_Direction+0) 
;__Lib_Lcd.c,89 :: 		
0x039C	0x9A93      	BCF         LCD_D5_Direction, BitPos(LCD_D5_Direction+0) 
;__Lib_Lcd.c,90 :: 		
0x039E	0x9C93      	BCF         LCD_D6_Direction, BitPos(LCD_D6_Direction+0) 
;__Lib_Lcd.c,91 :: 		
0x03A0	0x9E93      	BCF         LCD_D7_Direction, BitPos(LCD_D7_Direction+0) 
;__Lib_Lcd.c,93 :: 		
0x03A2	0x9084      	BCF         LCD_EN, BitPos(LCD_EN+0) 
;__Lib_Lcd.c,94 :: 		
0x03A4	0x9484      	BCF         LCD_RS, BitPos(LCD_RS+0) 
;__Lib_Lcd.c,95 :: 		
0x03A6	0x9E81      	BCF         LCD_D7, BitPos(LCD_D7+0) 
;__Lib_Lcd.c,96 :: 		
0x03A8	0x9C81      	BCF         LCD_D6, BitPos(LCD_D6+0) 
;__Lib_Lcd.c,97 :: 		
0x03AA	0x9A81      	BCF         LCD_D5, BitPos(LCD_D5+0) 
;__Lib_Lcd.c,98 :: 		
0x03AC	0x9881      	BCF         LCD_D4, BitPos(LCD_D4+0) 
;__Lib_Lcd.c,100 :: 		
0x03AE	0xDE36      	RCALL       _Delay_5500us
;__Lib_Lcd.c,101 :: 		
0x03B0	0xDE35      	RCALL       _Delay_5500us
;__Lib_Lcd.c,102 :: 		
0x03B2	0xDE34      	RCALL       _Delay_5500us
;__Lib_Lcd.c,105 :: 		
0x03B4	0x8A81      	BSF         LCD_D5, BitPos(LCD_D5+0) 
;__Lib_Lcd.c,106 :: 		
0x03B6	0x8881      	BSF         LCD_D4, BitPos(LCD_D4+0) 
;__Lib_Lcd.c,107 :: 		
0x03B8	0x8084      	BSF         LCD_EN, BitPos(LCD_EN+0) 
;__Lib_Lcd.c,108 :: 		
0x03BA	0xDE40      	RCALL       _Delay_1us
;__Lib_Lcd.c,109 :: 		
0x03BC	0x9084      	BCF         LCD_EN, BitPos(LCD_EN+0) 
;__Lib_Lcd.c,110 :: 		
0x03BE	0xDE2E      	RCALL       _Delay_5500us
;__Lib_Lcd.c,112 :: 		
0x03C0	0x8084      	BSF         LCD_EN, BitPos(LCD_EN+0) 
;__Lib_Lcd.c,113 :: 		
0x03C2	0xDE3C      	RCALL       _Delay_1us
;__Lib_Lcd.c,114 :: 		
0x03C4	0x9084      	BCF         LCD_EN, BitPos(LCD_EN+0) 
;__Lib_Lcd.c,115 :: 		
0x03C6	0xDE2A      	RCALL       _Delay_5500us
;__Lib_Lcd.c,117 :: 		
0x03C8	0x8084      	BSF         LCD_EN, BitPos(LCD_EN+0) 
;__Lib_Lcd.c,118 :: 		
0x03CA	0xDE38      	RCALL       _Delay_1us
;__Lib_Lcd.c,119 :: 		
0x03CC	0x9084      	BCF         LCD_EN, BitPos(LCD_EN+0) 
;__Lib_Lcd.c,120 :: 		
0x03CE	0xDE26      	RCALL       _Delay_5500us
;__Lib_Lcd.c,123 :: 		
0x03D0	0x9881      	BCF         LCD_D4, BitPos(LCD_D4+0) 
;__Lib_Lcd.c,124 :: 		
0x03D2	0x8084      	BSF         LCD_EN, BitPos(LCD_EN+0) 
;__Lib_Lcd.c,125 :: 		
0x03D4	0xDE33      	RCALL       _Delay_1us
;__Lib_Lcd.c,126 :: 		
0x03D6	0x9084      	BCF         LCD_EN, BitPos(LCD_EN+0) 
;__Lib_Lcd.c,127 :: 		
0x03D8	0xDE21      	RCALL       _Delay_5500us
;__Lib_Lcd.c,130 :: 		
0x03DA	0x8084      	BSF         LCD_EN, BitPos(LCD_EN+0) 
;__Lib_Lcd.c,131 :: 		
0x03DC	0xDE2F      	RCALL       _Delay_1us
;__Lib_Lcd.c,132 :: 		
0x03DE	0x9084      	BCF         LCD_EN, BitPos(LCD_EN+0) 
;__Lib_Lcd.c,134 :: 		
0x03E0	0x9A81      	BCF         LCD_D5, BitPos(LCD_D5+0) 
;__Lib_Lcd.c,135 :: 		
0x03E2	0x8E81      	BSF         LCD_D7, BitPos(LCD_D7+0) 
;__Lib_Lcd.c,136 :: 		
0x03E4	0x8084      	BSF         LCD_EN, BitPos(LCD_EN+0) 
;__Lib_Lcd.c,137 :: 		
0x03E6	0xDE2A      	RCALL       _Delay_1us
;__Lib_Lcd.c,138 :: 		
0x03E8	0x9084      	BCF         LCD_EN, BitPos(LCD_EN+0) 
;__Lib_Lcd.c,139 :: 		
0x03EA	0xDE18      	RCALL       _Delay_5500us
;__Lib_Lcd.c,142 :: 		
0x03EC	0x9E81      	BCF         LCD_D7, BitPos(LCD_D7+0) 
;__Lib_Lcd.c,143 :: 		
0x03EE	0x8881      	BSF         LCD_D4, BitPos(LCD_D4+0) 
;__Lib_Lcd.c,144 :: 		
0x03F0	0x8084      	BSF         LCD_EN, BitPos(LCD_EN+0) 
;__Lib_Lcd.c,145 :: 		
0x03F2	0xDE24      	RCALL       _Delay_1us
;__Lib_Lcd.c,146 :: 		
0x03F4	0x9084      	BCF         LCD_EN, BitPos(LCD_EN+0) 
;__Lib_Lcd.c,148 :: 		
0x03F6	0x9881      	BCF         LCD_D4, BitPos(LCD_D4+0) 
;__Lib_Lcd.c,149 :: 		
0x03F8	0x8084      	BSF         LCD_EN, BitPos(LCD_EN+0) 
;__Lib_Lcd.c,150 :: 		
0x03FA	0xDE20      	RCALL       _Delay_1us
;__Lib_Lcd.c,151 :: 		
0x03FC	0x9084      	BCF         LCD_EN, BitPos(LCD_EN+0) 
;__Lib_Lcd.c,152 :: 		
0x03FE	0xDE0E      	RCALL       _Delay_5500us
;__Lib_Lcd.c,155 :: 		
0x0400	0x8084      	BSF         LCD_EN, BitPos(LCD_EN+0) 
;__Lib_Lcd.c,156 :: 		
0x0402	0xDE1C      	RCALL       _Delay_1us
;__Lib_Lcd.c,157 :: 		
0x0404	0x9084      	BCF         LCD_EN, BitPos(LCD_EN+0) 
;__Lib_Lcd.c,159 :: 		
0x0406	0x8881      	BSF         LCD_D4, BitPos(LCD_D4+0) 
;__Lib_Lcd.c,160 :: 		
0x0408	0x8084      	BSF         LCD_EN, BitPos(LCD_EN+0) 
;__Lib_Lcd.c,161 :: 		
0x040A	0xDE18      	RCALL       _Delay_1us
;__Lib_Lcd.c,162 :: 		
0x040C	0x9084      	BCF         LCD_EN, BitPos(LCD_EN+0) 
;__Lib_Lcd.c,163 :: 		
0x040E	0xDE06      	RCALL       _Delay_5500us
;__Lib_Lcd.c,166 :: 		
0x0410	0x9881      	BCF         LCD_D4, BitPos(LCD_D4+0) 
;__Lib_Lcd.c,167 :: 		
0x0412	0x8084      	BSF         LCD_EN, BitPos(LCD_EN+0) 
;__Lib_Lcd.c,168 :: 		
0x0414	0xDE13      	RCALL       _Delay_1us
;__Lib_Lcd.c,169 :: 		
0x0416	0x9084      	BCF         LCD_EN, BitPos(LCD_EN+0) 
;__Lib_Lcd.c,171 :: 		
0x0418	0x8E81      	BSF         LCD_D7, BitPos(LCD_D7+0) 
;__Lib_Lcd.c,172 :: 		
0x041A	0x8C81      	BSF         LCD_D6, BitPos(LCD_D6+0) 
;__Lib_Lcd.c,173 :: 		
0x041C	0x8A81      	BSF         LCD_D5, BitPos(LCD_D5+0) 
;__Lib_Lcd.c,174 :: 		
0x041E	0x8881      	BSF         LCD_D4, BitPos(LCD_D4+0) 
;__Lib_Lcd.c,175 :: 		
0x0420	0x8084      	BSF         LCD_EN, BitPos(LCD_EN+0) 
;__Lib_Lcd.c,176 :: 		
0x0422	0xDE0C      	RCALL       _Delay_1us
;__Lib_Lcd.c,177 :: 		
0x0424	0x9084      	BCF         LCD_EN, BitPos(LCD_EN+0) 
;__Lib_Lcd.c,179 :: 		
0x0426	0xDDFA      	RCALL       _Delay_5500us
;__Lib_Lcd.c,181 :: 		
0x0428	0x8028      	BSF         __Lib_Lcd_cmd_status, BitPos(__Lib_Lcd_cmd_status+0) 
;__Lib_Lcd.c,182 :: 		
L_end_Lcd_Init:
0x042A	0x0012      	RETURN      0
; end of _Lcd_Init
_Lcd_Out:
;__Lib_Lcd.c,184 :: 		
;__Lib_Lcd.c,187 :: 		
0x042C	0xD00F      	BRA         L_Lcd_Out11
;__Lib_Lcd.c,188 :: 		
L_Lcd_Out13:
0x042E	0x0E80      	MOVLW       128
0x0430	0x6E29      	MOVWF       FARG_Lcd_Out_row 
0x0432	0xD019      	BRA         L_Lcd_Out12
;__Lib_Lcd.c,189 :: 		
L_Lcd_Out14:
0x0434	0x0EC0      	MOVLW       192
0x0436	0x6E29      	MOVWF       FARG_Lcd_Out_row 
0x0438	0xD016      	BRA         L_Lcd_Out12
;__Lib_Lcd.c,190 :: 		
L_Lcd_Out15:
0x043A	0x0E94      	MOVLW       148
0x043C	0x6E29      	MOVWF       FARG_Lcd_Out_row 
0x043E	0xD013      	BRA         L_Lcd_Out12
;__Lib_Lcd.c,191 :: 		
L_Lcd_Out16:
0x0440	0x0ED4      	MOVLW       212
0x0442	0x6E29      	MOVWF       FARG_Lcd_Out_row 
0x0444	0xD010      	BRA         L_Lcd_Out12
;__Lib_Lcd.c,192 :: 		
L_Lcd_Out17:
0x0446	0x0E80      	MOVLW       128
0x0448	0x6E29      	MOVWF       FARG_Lcd_Out_row 
;__Lib_Lcd.c,193 :: 		
0x044A	0xD00D      	BRA         L_Lcd_Out12
L_Lcd_Out11:
0x044C	0x5029      	MOVF        FARG_Lcd_Out_row, 0 
0x044E	0x0A01      	XORLW       1
0x0450	0xE0EE      	BZ          L_Lcd_Out13
0x0452	0x5029      	MOVF        FARG_Lcd_Out_row, 0 
0x0454	0x0A02      	XORLW       2
0x0456	0xE0EE      	BZ          L_Lcd_Out14
0x0458	0x5029      	MOVF        FARG_Lcd_Out_row, 0 
0x045A	0x0A03      	XORLW       3
0x045C	0xE0EE      	BZ          L_Lcd_Out15
0x045E	0x5029      	MOVF        FARG_Lcd_Out_row, 0 
0x0460	0x0A04      	XORLW       4
0x0462	0xE0EE      	BZ          L_Lcd_Out16
0x0464	0xD7F0      	BRA         L_Lcd_Out17
L_Lcd_Out12:
;__Lib_Lcd.c,194 :: 		
0x0466	0x042A      	DECF        FARG_Lcd_Out_column, 0 
0x0468	0x6E00      	MOVWF       R0 
0x046A	0x5029      	MOVF        FARG_Lcd_Out_row, 0 
0x046C	0x2600      	ADDWF       R0, 1 
0x046E	0xF029C000  	MOVFF       R0, FARG_Lcd_Out_row
;__Lib_Lcd.c,196 :: 		
0x0472	0xF02FC000  	MOVFF       R0, FARG_Lcd_Cmd_out_char
0x0476	0xDDFC      	RCALL       _Lcd_Cmd
;__Lib_Lcd.c,197 :: 		
0x0478	0x9028      	BCF         __Lib_Lcd_cmd_status, BitPos(__Lib_Lcd_cmd_status+0) 
;__Lib_Lcd.c,198 :: 		
0x047A	0x6A2D      	CLRF        Lcd_Out_i_L0 
;__Lib_Lcd.c,199 :: 		
L_Lcd_Out18:
0x047C	0x502D      	MOVF        Lcd_Out_i_L0, 0 
0x047E	0x242B      	ADDWF       FARG_Lcd_Out_text, 0 
0x0480	0x6EE9      	MOVWF       FSR0 
0x0482	0x0E00      	MOVLW       0
0x0484	0x202C      	ADDWFC      FARG_Lcd_Out_text+1, 0 
0x0486	0x6EEA      	MOVWF       FSR0H 
0x0488	0x52EE      	MOVF        POSTINC0, 1 
0x048A	0xE00B      	BZ          L_Lcd_Out19
;__Lib_Lcd.c,200 :: 		
0x048C	0x502D      	MOVF        Lcd_Out_i_L0, 0 
0x048E	0x242B      	ADDWF       FARG_Lcd_Out_text, 0 
0x0490	0x6EE9      	MOVWF       FSR0 
0x0492	0x0E00      	MOVLW       0
0x0494	0x202C      	ADDWFC      FARG_Lcd_Out_text+1, 0 
0x0496	0x6EEA      	MOVWF       FSR0H 
0x0498	0xF02ECFEE  	MOVFF       POSTINC0, FARG_Lcd_Chr_CP_out_char
0x049C	0xDE39      	RCALL       _Lcd_Chr_CP
0x049E	0x2A2D      	INCF        Lcd_Out_i_L0, 1 
0x04A0	0xD7ED      	BRA         L_Lcd_Out18
L_Lcd_Out19:
;__Lib_Lcd.c,201 :: 		
0x04A2	0x8028      	BSF         __Lib_Lcd_cmd_status, BitPos(__Lib_Lcd_cmd_status+0) 
;__Lib_Lcd.c,202 :: 		
L_end_Lcd_Out:
0x04A4	0x0012      	RETURN      0
; end of _Lcd_Out
_Div_16x16_S:
;__Lib_Math.c,200 :: 		
;__Lib_Math.c,208 :: 		
0x04A6	0x5004      	MOVF        R4, 0 
0x04A8	0x0A00      	XORLW       0
0x04AA	0xE108      	BNZ         L_Div_16x16_S0
;__Lib_Math.c,209 :: 		
0x04AC	0x5005      	MOVF        R5, 0 
0x04AE	0x0A00      	XORLW       0
0x04B0	0xE105      	BNZ         L_Div_16x16_S1
;__Lib_Math.c,210 :: 		
0x04B2	0x0EFF      	MOVLW       255
0x04B4	0x6E00      	MOVWF       R0 
;__Lib_Math.c,211 :: 		
0x04B6	0x0E7F      	MOVLW       127
0x04B8	0x6E01      	MOVWF       R1 
;__Lib_Math.c,212 :: 		
0x04BA	0xD057      	BRA         L_end_Div_16x16_S
;__Lib_Math.c,213 :: 		
L_Div_16x16_S1:
L_Div_16x16_S0:
;__Lib_Math.c,216 :: 		
0x04BC	0x6A0D      	CLRF        R13, 0
;__Lib_Math.c,217 :: 		
0x04BE	0x6A09      	CLRF        R9, 0
;__Lib_Math.c,218 :: 		
0x04C0	0x6A08      	CLRF        R8, 0
;__Lib_Math.c,219 :: 		
0x04C2	0x5001      	MOVF        R1, 0, 0
;__Lib_Math.c,220 :: 		
0x04C4	0x1000      	IORWF       R0, 0, 0
;__Lib_Math.c,221 :: 		
0x04C6	0xB4D8      	BTFSC       STATUS, 2, 0
;__Lib_Math.c,222 :: 		
0x04C8	0x0C00      	RETLW       0
;__Lib_Math.c,224 :: 		
0x04CA	0x5001      	MOVF        R1, 0, 0
;__Lib_Math.c,225 :: 		
0x04CC	0x1805      	XORWF       R5, 0, 0
;__Lib_Math.c,226 :: 		
0x04CE	0x6E0A      	MOVWF       R10, 0
;__Lib_Math.c,227 :: 		
0x04D0	0xBE0A      	BTFSC       R10, 7, 0
;__Lib_Math.c,228 :: 		
0x04D2	0x1E0D      	COMF        R13, 1, 0
;__Lib_Math.c,230 :: 		
0x04D4	0x6A0B      	CLRF        R11, 0
;__Lib_Math.c,232 :: 		
0x04D6	0xAE05      	BTFSS       R5, 7, 0
;__Lib_Math.c,233 :: 		
0x04D8	0xD005      	BRA         $+12
;__Lib_Math.c,235 :: 		
0x04DA	0x1E04      	COMF        R4, 1, 0
;__Lib_Math.c,236 :: 		
0x04DC	0x1E05      	COMF        R5, 1, 0
;__Lib_Math.c,237 :: 		
0x04DE	0x2A04      	INCF        R4, 1, 0
;__Lib_Math.c,238 :: 		
0x04E0	0xB4D8      	BTFSC       STATUS, 2, 0
;__Lib_Math.c,239 :: 		
0x04E2	0x2A05      	INCF        R5, 1, 0
;__Lib_Math.c,241 :: 		
0x04E4	0xAE01      	BTFSS       R1, 7, 0
;__Lib_Math.c,242 :: 		
0x04E6	0xD005      	BRA         $+12
;__Lib_Math.c,244 :: 		
0x04E8	0x1E00      	COMF        R0, 1, 0
;__Lib_Math.c,245 :: 		
0x04EA	0x1E01      	COMF        R1, 1, 0
;__Lib_Math.c,246 :: 		
0x04EC	0x2A00      	INCF        R0, 1, 0
;__Lib_Math.c,247 :: 		
0x04EE	0xB4D8      	BTFSC       STATUS, 2, 0
;__Lib_Math.c,248 :: 		
0x04F0	0x2A01      	INCF        R1, 1, 0
;__Lib_Math.c,250 :: 		
0x04F2	0x5001      	MOVF        R1, 0, 0
;__Lib_Math.c,251 :: 		
0x04F4	0x1005      	IORWF       R5, 0, 0
;__Lib_Math.c,252 :: 		
0x04F6	0x6E0A      	MOVWF       R10, 0
;__Lib_Math.c,253 :: 		
0x04F8	0xBE0A      	BTFSC       R10, 7, 0
;__Lib_Math.c,254 :: 		
0x04FA	0xD010      	BRA         $+34
;__Lib_Math.c,256 :: 		
0x04FC	0xDE13      	RCALL       _Div_16x16_S_L
;__Lib_Math.c,258 :: 		
0x04FE	0xB00B      	BTFSC       R11, 0, 0
;__Lib_Math.c,259 :: 		
0x0500	0xD020      	BRA         $+66
;__Lib_Math.c,261 :: 		
0x0502	0xAE0D      	BTFSS       R13, 7, 0
;__Lib_Math.c,262 :: 		
0x0504	0x0C00      	RETLW       0
;__Lib_Math.c,264 :: 		
0x0506	0x1E00      	COMF        R0, 1, 0
;__Lib_Math.c,265 :: 		
0x0508	0x1E01      	COMF        R1, 1, 0
;__Lib_Math.c,266 :: 		
0x050A	0x2A00      	INCF        R0, 1, 0
;__Lib_Math.c,267 :: 		
0x050C	0xB4D8      	BTFSC       STATUS, 2, 0
;__Lib_Math.c,268 :: 		
0x050E	0x2A01      	INCF        R1, 1, 0
;__Lib_Math.c,270 :: 		
0x0510	0x1E08      	COMF        R8, 1, 0
;__Lib_Math.c,271 :: 		
0x0512	0x1E09      	COMF        R9, 1, 0
;__Lib_Math.c,272 :: 		
0x0514	0x2A08      	INCF        R8, 1, 0
;__Lib_Math.c,273 :: 		
0x0516	0xB4D8      	BTFSC       STATUS, 2, 0
;__Lib_Math.c,274 :: 		
0x0518	0x2A09      	INCF        R9, 1, 0
;__Lib_Math.c,276 :: 		
0x051A	0x0C00      	RETLW       0
;__Lib_Math.c,278 :: 		
0x051C	0xAE05      	BTFSS       R5, 7, 0
;__Lib_Math.c,279 :: 		
0x051E	0xD00D      	BRA         $+28
;__Lib_Math.c,280 :: 		
0x0520	0xBE01      	BTFSC       R1, 7, 0
;__Lib_Math.c,281 :: 		
0x0522	0xD007      	BRA         $+16
;__Lib_Math.c,282 :: 		
0x0524	0x5001      	MOVF        R1, 0, 0
;__Lib_Math.c,283 :: 		
0x0526	0x6E09      	MOVWF       R9, 0
;__Lib_Math.c,284 :: 		
0x0528	0x5000      	MOVF        R0, 0, 0
;__Lib_Math.c,285 :: 		
0x052A	0x6E08      	MOVWF       R8, 0
;__Lib_Math.c,286 :: 		
0x052C	0x6A01      	CLRF        R1, 0
;__Lib_Math.c,287 :: 		
0x052E	0x6A00      	CLRF        R0, 0
;__Lib_Math.c,288 :: 		
0x0530	0xD7E8      	BRA         $-46
;__Lib_Math.c,289 :: 		
0x0532	0x6A01      	CLRF        R1, 0
;__Lib_Math.c,290 :: 		
0x0534	0x6A00      	CLRF        R0, 0
;__Lib_Math.c,291 :: 		
0x0536	0x2A00      	INCF        R0, 1, 0
;__Lib_Math.c,292 :: 		
0x0538	0x0C00      	RETLW       0
;__Lib_Math.c,294 :: 		
0x053A	0x1E01      	COMF        R1, 1, 0
;__Lib_Math.c,295 :: 		
0x053C	0x1E00      	COMF        R0, 1, 0
;__Lib_Math.c,296 :: 		
0x053E	0x2A0B      	INCF        R11, 1, 0
;__Lib_Math.c,297 :: 		
0x0540	0xD7DD      	BRA         $-68
;__Lib_Math.c,299 :: 		
0x0542	0x2A08      	INCF        R8, 1, 0
;__Lib_Math.c,300 :: 		
0x0544	0xB4D8      	BTFSC       STATUS, 2, 0
;__Lib_Math.c,301 :: 		
0x0546	0x2A09      	INCF        R9, 1, 0
;__Lib_Math.c,302 :: 		
0x0548	0x5004      	MOVF        R4, 0, 0
;__Lib_Math.c,303 :: 		
0x054A	0x5C08      	SUBWF       R8, 0, 0
;__Lib_Math.c,304 :: 		
0x054C	0xA4D8      	BTFSS       STATUS, 2, 0
;__Lib_Math.c,305 :: 		
0x054E	0xD7D9      	BRA         $-76
;__Lib_Math.c,306 :: 		
0x0550	0x5005      	MOVF        R5, 0, 0
;__Lib_Math.c,307 :: 		
0x0552	0x5C09      	SUBWF       R9, 0, 0
;__Lib_Math.c,308 :: 		
0x0554	0xA4D8      	BTFSS       STATUS, 2, 0
;__Lib_Math.c,309 :: 		
0x0556	0xD7D5      	BRA         $-84
;__Lib_Math.c,310 :: 		
0x0558	0x6A09      	CLRF        R9, 0
;__Lib_Math.c,311 :: 		
0x055A	0x6A08      	CLRF        R8, 0
;__Lib_Math.c,312 :: 		
0x055C	0x2A00      	INCF        R0, 1, 0
;__Lib_Math.c,313 :: 		
0x055E	0xB4D8      	BTFSC       STATUS, 2, 0
;__Lib_Math.c,314 :: 		
0x0560	0x2A01      	INCF        R1, 1, 0
;__Lib_Math.c,315 :: 		
0x0562	0xAE01      	BTFSS       R1, 7, 0
;__Lib_Math.c,316 :: 		
0x0564	0xD7CE      	BRA         $-98
;__Lib_Math.c,317 :: 		
0x0566	0x0000      	NOP
;__Lib_Math.c,318 :: 		
0x0568	0x0CFF      	RETLW       255
;__Lib_Math.c,320 :: 		
L_end_Div_16x16_S:
0x056A	0x0012      	RETURN      0
; end of _Div_16x16_S
_Mul_32x32_FP:
;__Lib_MathDouble.c,1130 :: 		
;__Lib_MathDouble.c,1148 :: 		
0x056C	0x6A08      	CLRF        R8, 0
;__Lib_MathDouble.c,1149 :: 		
0x056E	0x6A09      	CLRF        R9, 0
;__Lib_MathDouble.c,1151 :: 		
0x0570	0x0E00      	MOVLW       0
;__Lib_MathDouble.c,1152 :: 		
0x0572	0x6207      	CPFSEQ      R7, 0
;__Lib_MathDouble.c,1153 :: 		
0x0574	0x6403      	CPFSGT      R3, 0
;__Lib_MathDouble.c,1154 :: 		
0x0576	0xF003EF3B  	GOTO        MULJPRES032
;__Lib_MathDouble.c,1157 :: 		
0x057A	0x5002      	MOVF        R2, 0, 0
;__Lib_MathDouble.c,1158 :: 		
0x057C	0x1806      	XORWF       R6, 0, 0
;__Lib_MathDouble.c,1159 :: 		
0x057E	0x6E0A      	MOVWF       R10, 0
;__Lib_MathDouble.c,1161 :: 		
0x0580	0x5007      	MOVF        R7, 0, 0
;__Lib_MathDouble.c,1162 :: 		
0x0582	0x2603      	ADDWF       R3, 1, 0
;__Lib_MathDouble.c,1163 :: 		
0x0584	0x0E7E      	MOVLW       126
;__Lib_MathDouble.c,1164 :: 		
0x0586	0xA0D8      	BTFSS       STATUS, 0, 0
;__Lib_MathDouble.c,1165 :: 		
0x0588	0xF002EFCC  	GOTO        MTUN32
;__Lib_MathDouble.c,1167 :: 		
0x058C	0x5E03      	SUBWF       R3, 1, 0
;__Lib_MathDouble.c,1168 :: 		
0x058E	0xB0D8      	BTFSC       STATUS, 0, 0
;__Lib_MathDouble.c,1169 :: 		
0x0590	0xF003EF3F  	GOTO        MULJPSETFOV32
;__Lib_MathDouble.c,1170 :: 		
0x0594	0xF002EFD0  	GOTO        MOK32
;__Lib_MathDouble.c,1172 :: 		
MTUN32:
;__Lib_MathDouble.c,1173 :: 		
0x0598	0x5E03      	SUBWF       R3, 1, 0
;__Lib_MathDouble.c,1174 :: 		
0x059A	0xA0D8      	BTFSS       STATUS, 0, 0
;__Lib_MathDouble.c,1175 :: 		
0x059C	0xF003EF43  	GOTO        MULJPSETFUN32
;__Lib_MathDouble.c,1177 :: 		
MOK32:
;__Lib_MathDouble.c,1178 :: 		
0x05A0	0x8E02      	BSF         R2, 7, 0
;__Lib_MathDouble.c,1179 :: 		
0x05A2	0x8E06      	BSF         R6, 7, 0
;__Lib_MathDouble.c,1181 :: 		
0x05A4	0xF00EC002  	MOVFF       R2, R14
;__Lib_MathDouble.c,1182 :: 		
0x05A8	0xF00BC001  	MOVFF       R1, R11
;__Lib_MathDouble.c,1183 :: 		
0x05AC	0xF00DC000  	MOVFF       R0, R13
;__Lib_MathDouble.c,1185 :: 		
0x05B0	0x5000      	MOVF        R0, 0, 0
;__Lib_MathDouble.c,1186 :: 		
0x05B2	0x0204      	MULWF       R4, 0
;__Lib_MathDouble.c,1187 :: 		
0x05B4	0xF00CCFF4  	MOVFF       PRODH, R12
;__Lib_MathDouble.c,1189 :: 		
0x05B8	0x5001      	MOVF        R1, 0, 0
;__Lib_MathDouble.c,1190 :: 		
0x05BA	0x0205      	MULWF       R5, 0
;__Lib_MathDouble.c,1191 :: 		
0x05BC	0xF000CFF4  	MOVFF       PRODH, R0
;__Lib_MathDouble.c,1192 :: 		
0x05C0	0xF008CFF3  	MOVFF       PRODL, R8
;__Lib_MathDouble.c,1194 :: 		
0x05C4	0x0204      	MULWF       R4, 0
;__Lib_MathDouble.c,1195 :: 		
0x05C6	0x50F3      	MOVF        PRODL, 0, 0
;__Lib_MathDouble.c,1196 :: 		
0x05C8	0x260C      	ADDWF       R12, 1, 0
;__Lib_MathDouble.c,1197 :: 		
0x05CA	0x50F4      	MOVF        PRODH, 0, 0
;__Lib_MathDouble.c,1198 :: 		
0x05CC	0x2208      	ADDWFC      R8, 1, 0
;__Lib_MathDouble.c,1199 :: 		
0x05CE	0x0E00      	MOVLW       0
;__Lib_MathDouble.c,1200 :: 		
0x05D0	0x2200      	ADDWFC      R0, 1, 0
;__Lib_MathDouble.c,1202 :: 		
0x05D2	0x500D      	MOVF        R13, 0, 0
;__Lib_MathDouble.c,1203 :: 		
0x05D4	0x0205      	MULWF       R5, 0
;__Lib_MathDouble.c,1204 :: 		
0x05D6	0x50F3      	MOVF        PRODL, 0, 0
;__Lib_MathDouble.c,1205 :: 		
0x05D8	0x260C      	ADDWF       R12, 1, 0
;__Lib_MathDouble.c,1206 :: 		
0x05DA	0x50F4      	MOVF        PRODH, 0, 0
;__Lib_MathDouble.c,1207 :: 		
0x05DC	0x2208      	ADDWFC      R8, 1, 0
;__Lib_MathDouble.c,1208 :: 		
0x05DE	0x0E00      	MOVLW       0
;__Lib_MathDouble.c,1209 :: 		
0x05E0	0x2200      	ADDWFC      R0, 1, 0
;__Lib_MathDouble.c,1211 :: 		
0x05E2	0x5002      	MOVF        R2, 0, 0
;__Lib_MathDouble.c,1212 :: 		
0x05E4	0x0204      	MULWF       R4, 0
;__Lib_MathDouble.c,1213 :: 		
0x05E6	0x50F3      	MOVF        PRODL, 0, 0
;__Lib_MathDouble.c,1214 :: 		
0x05E8	0x2608      	ADDWF       R8, 1, 0
;__Lib_MathDouble.c,1215 :: 		
0x05EA	0x50F4      	MOVF        PRODH, 0, 0
;__Lib_MathDouble.c,1216 :: 		
0x05EC	0x2200      	ADDWFC      R0, 1, 0
;__Lib_MathDouble.c,1217 :: 		
0x05EE	0x5002      	MOVF        R2, 0, 0
;__Lib_MathDouble.c,1218 :: 		
0x05F0	0x0205      	MULWF       R5, 0
;__Lib_MathDouble.c,1219 :: 		
0x05F2	0x6A01      	CLRF        R1, 0
;__Lib_MathDouble.c,1220 :: 		
0x05F4	0x0E00      	MOVLW       0
;__Lib_MathDouble.c,1221 :: 		
0x05F6	0x2201      	ADDWFC      R1, 1, 0
;__Lib_MathDouble.c,1222 :: 		
0x05F8	0x50F3      	MOVF        PRODL, 0, 0
;__Lib_MathDouble.c,1223 :: 		
0x05FA	0x2600      	ADDWF       R0, 1, 0
;__Lib_MathDouble.c,1224 :: 		
0x05FC	0x50F4      	MOVF        PRODH, 0, 0
;__Lib_MathDouble.c,1225 :: 		
0x05FE	0x2201      	ADDWFC      R1, 1, 0
;__Lib_MathDouble.c,1227 :: 		
0x0600	0x500D      	MOVF        R13, 0, 0
;__Lib_MathDouble.c,1228 :: 		
0x0602	0x0206      	MULWF       R6, 0
;__Lib_MathDouble.c,1229 :: 		
0x0604	0x50F3      	MOVF        PRODL, 0, 0
;__Lib_MathDouble.c,1230 :: 		
0x0606	0x2608      	ADDWF       R8, 1, 0
;__Lib_MathDouble.c,1231 :: 		
0x0608	0x50F4      	MOVF        PRODH, 0, 0
;__Lib_MathDouble.c,1232 :: 		
0x060A	0x2200      	ADDWFC      R0, 1, 0
;__Lib_MathDouble.c,1233 :: 		
0x060C	0x6A02      	CLRF        R2, 0
;__Lib_MathDouble.c,1234 :: 		
0x060E	0x0E00      	MOVLW       0
;__Lib_MathDouble.c,1235 :: 		
0x0610	0x2201      	ADDWFC      R1, 1, 0
;__Lib_MathDouble.c,1236 :: 		
0x0612	0x2202      	ADDWFC      R2, 1, 0
;__Lib_MathDouble.c,1238 :: 		
0x0614	0x500B      	MOVF        R11, 0, 0
;__Lib_MathDouble.c,1239 :: 		
0x0616	0x0206      	MULWF       R6, 0
;__Lib_MathDouble.c,1240 :: 		
0x0618	0x50F3      	MOVF        PRODL, 0, 0
;__Lib_MathDouble.c,1241 :: 		
0x061A	0x2600      	ADDWF       R0, 1, 0
;__Lib_MathDouble.c,1242 :: 		
0x061C	0x50F4      	MOVF        PRODH, 0, 0
;__Lib_MathDouble.c,1243 :: 		
0x061E	0x2201      	ADDWFC      R1, 1, 0
;__Lib_MathDouble.c,1244 :: 		
0x0620	0x0E00      	MOVLW       0
;__Lib_MathDouble.c,1245 :: 		
0x0622	0x2202      	ADDWFC      R2, 1, 0
;__Lib_MathDouble.c,1247 :: 		
0x0624	0x500E      	MOVF        R14, 0, 0
;__Lib_MathDouble.c,1248 :: 		
0x0626	0x0206      	MULWF       R6, 0
;__Lib_MathDouble.c,1249 :: 		
0x0628	0x50F3      	MOVF        PRODL, 0, 0
;__Lib_MathDouble.c,1250 :: 		
0x062A	0x2601      	ADDWF       R1, 1, 0
;__Lib_MathDouble.c,1251 :: 		
0x062C	0x50F4      	MOVF        PRODH, 0, 0
;__Lib_MathDouble.c,1252 :: 		
0x062E	0x2202      	ADDWFC      R2, 1, 0
;__Lib_MathDouble.c,1254 :: 		
0x0630	0xBE02      	BTFSC       R2, 7, 0
;__Lib_MathDouble.c,1255 :: 		
0x0632	0xF003EF23  	GOTO        MROUND32
;__Lib_MathDouble.c,1256 :: 		
0x0636	0x3608      	RLCF        R8, 1, 0
;__Lib_MathDouble.c,1257 :: 		
0x0638	0x3600      	RLCF        R0, 1, 0
;__Lib_MathDouble.c,1258 :: 		
0x063A	0x3601      	RLCF        R1, 1, 0
;__Lib_MathDouble.c,1259 :: 		
0x063C	0x3602      	RLCF        R2, 1, 0
;__Lib_MathDouble.c,1260 :: 		
0x063E	0x0603      	DECF        R3, 1, 0
;__Lib_MathDouble.c,1261 :: 		
0x0640	0xB4D8      	BTFSC       STATUS, 2, 0
;__Lib_MathDouble.c,1262 :: 		
0x0642	0xF003EF43  	GOTO        MULJPSETFUN32
;__Lib_MathDouble.c,1264 :: 		
MROUND32:
;__Lib_MathDouble.c,1267 :: 		
0x0646	0xF003EF36  	GOTO        MUL32OK
;__Lib_MathDouble.c,1268 :: 		
0x064A	0x80D8      	BSF         STATUS, 0, 0
;__Lib_MathDouble.c,1269 :: 		
0x064C	0x0E80      	MOVLW       128
;__Lib_MathDouble.c,1270 :: 		
0x064E	0x6408      	CPFSGT      R8, 0
;__Lib_MathDouble.c,1271 :: 		
0x0650	0x3000      	RRCF        R0, 0, 0
;__Lib_MathDouble.c,1272 :: 		
0x0652	0x0E00      	MOVLW       0
;__Lib_MathDouble.c,1273 :: 		
0x0654	0x2200      	ADDWFC      R0, 1, 0
;__Lib_MathDouble.c,1274 :: 		
0x0656	0x2201      	ADDWFC      R1, 1, 0
;__Lib_MathDouble.c,1275 :: 		
0x0658	0x2202      	ADDWFC      R2, 1, 0
;__Lib_MathDouble.c,1277 :: 		
0x065A	0xA0D8      	BTFSS       STATUS, 0, 0
;__Lib_MathDouble.c,1278 :: 		
0x065C	0xF003EF36  	GOTO        MUL32OK
;__Lib_MathDouble.c,1279 :: 		
0x0660	0x3202      	RRCF        R2, 1, 0
;__Lib_MathDouble.c,1280 :: 		
0x0662	0x3201      	RRCF        R1, 1, 0
;__Lib_MathDouble.c,1281 :: 		
0x0664	0x3200      	RRCF        R0, 1, 0
;__Lib_MathDouble.c,1282 :: 		
0x0666	0x4A03      	INFSNZ      R3, 1, 0
;__Lib_MathDouble.c,1283 :: 		
0x0668	0xF003EF3F  	GOTO        MULJPSETFOV32
;__Lib_MathDouble.c,1285 :: 		
MUL32OK:
;__Lib_MathDouble.c,1286 :: 		
0x066C	0xAE0A      	BTFSS       R10, 7, 0
;__Lib_MathDouble.c,1287 :: 		
0x066E	0x9E02      	BCF         R2, 7, 0
;__Lib_MathDouble.c,1289 :: 		
0x0670	0x0E00      	MOVLW       0
;__Lib_MathDouble.c,1290 :: 		
0x0672	0xF003EF45  	GOTO        MULEEE
;__Lib_MathDouble.c,1291 :: 		
MULJPRES032:
;__Lib_MathDouble.c,1292 :: 		
0x0676	0x0E01      	MOVLW       1
;__Lib_MathDouble.c,1295 :: 		
0x0678	0xDCF4      	RCALL       _RES032
;__Lib_MathDouble.c,1297 :: 		
0x067A	0xF003EF45  	GOTO        MULEEE
;__Lib_MathDouble.c,1298 :: 		
MULJPSETFOV32:
;__Lib_MathDouble.c,1299 :: 		
0x067E	0x0E02      	MOVLW       2
;__Lib_MathDouble.c,1302 :: 		
0x0680	0xDD7D      	RCALL       _SETFOV32
;__Lib_MathDouble.c,1304 :: 		
0x0682	0xF003EF45  	GOTO        MULEEE
;__Lib_MathDouble.c,1305 :: 		
MULJPSETFUN32:
;__Lib_MathDouble.c,1306 :: 		
0x0686	0x0E04      	MOVLW       4
;__Lib_MathDouble.c,1309 :: 		
0x0688	0xDCDF      	RCALL       _SETFUN32
;__Lib_MathDouble.c,1311 :: 		
MULEEE:
;__Lib_MathDouble.c,1318 :: 		
L_end_Mul_32x32_FP:
0x068A	0x0012      	RETURN      0
; end of _Mul_32x32_FP
_Word2Double:
;__Lib_MathDouble.c,2335 :: 		
;__Lib_MathDouble.c,2344 :: 		
0x068C	0x5000      	MOVF        R0, 0, 0
;__Lib_MathDouble.c,2345 :: 		
0x068E	0x6E08      	MOVWF       R8, 0
;__Lib_MathDouble.c,2346 :: 		
0x0690	0x5001      	MOVF        R1, 0, 0
;__Lib_MathDouble.c,2347 :: 		
0x0692	0x6E00      	MOVWF       R0, 0
;__Lib_MathDouble.c,2348 :: 		
0x0694	0x6A01      	CLRF        R1, 0
;__Lib_MathDouble.c,2349 :: 		
0x0696	0x6A02      	CLRF        R2, 0
;__Lib_MathDouble.c,2350 :: 		
0x0698	0x6A03      	CLRF        R3, 0
;__Lib_MathDouble.c,2353 :: 		
0x069A	0x6A0B      	CLRF        R11, 0
;__Lib_MathDouble.c,2354 :: 		
0x069C	0x6A0C      	CLRF        R12, 0
;__Lib_MathDouble.c,2356 :: 		
0x069E	0x0E96      	MOVLW       150
;__Lib_MathDouble.c,2357 :: 		
0x06A0	0x6E03      	MOVWF       R3, 0
;__Lib_MathDouble.c,2358 :: 		
0x06A2	0x6A0A      	CLRF        R10, 0
;__Lib_MathDouble.c,2360 :: 		
0x06A4	0xF001C000  	MOVFF       R0, R1
;__Lib_MathDouble.c,2361 :: 		
0x06A8	0xF000C008  	MOVFF       R8, R0
;__Lib_MathDouble.c,2362 :: 		
0x06AC	0x6A08      	CLRF        R8, 0
;__Lib_MathDouble.c,2363 :: 		
0x06AE	0x6A02      	CLRF        R2, 0
;__Lib_MathDouble.c,2365 :: 		
0x06B0	0xDD71      	RCALL       _NRM3232
;__Lib_MathDouble.c,2366 :: 		
L_end_Word2Double:
0x06B2	0x0012      	RETURN      0
; end of _Word2Double
_Double2Int:
;__Lib_MathDouble.c,1897 :: 		
;__Lib_MathDouble.c,1906 :: 		
0x06B4	0x6A0B      	CLRF        R11, 0
;__Lib_MathDouble.c,1907 :: 		
0x06B6	0x5003      	MOVF        R3, 0, 0
;__Lib_MathDouble.c,1908 :: 		
0x06B8	0xB4D8      	BTFSC       STATUS, 2, 0
;__Lib_MathDouble.c,1909 :: 		
0x06BA	0xF003EFA0  	GOTO        IRES016
;__Lib_MathDouble.c,1910 :: 		
0x06BE	0x5002      	MOVF        R2, 0, 0
;__Lib_MathDouble.c,1911 :: 		
0x06C0	0x6E0A      	MOVWF       R10, 0
;__Lib_MathDouble.c,1912 :: 		
0x06C2	0x8E02      	BSF         R2, 7, 0
;__Lib_MathDouble.c,1914 :: 		
0x06C4	0x0E8E      	MOVLW       142
;__Lib_MathDouble.c,1915 :: 		
0x06C6	0x5E03      	SUBWF       R3, 1, 0
;__Lib_MathDouble.c,1916 :: 		
0x06C8	0xAE03      	BTFSS       R3, 7, 0
;__Lib_MathDouble.c,1917 :: 		
0x06CA	0xF003EFA4  	GOTO        SETIOV16
;__Lib_MathDouble.c,1918 :: 		
0x06CE	0x6C03      	NEGF        R3, 0
;__Lib_MathDouble.c,1920 :: 		
0x06D0	0x0E08      	MOVLW       8
;__Lib_MathDouble.c,1921 :: 		
0x06D2	0x5C03      	SUBWF       R3, 0, 0
;__Lib_MathDouble.c,1922 :: 		
0x06D4	0xA0D8      	BTFSS       STATUS, 0, 0
;__Lib_MathDouble.c,1923 :: 		
0x06D6	0xF003EF7F  	GOTO        TSHIFT3216
;__Lib_MathDouble.c,1924 :: 		
0x06DA	0x6E03      	MOVWF       R3, 0
;__Lib_MathDouble.c,1925 :: 		
0x06DC	0x3601      	RLCF        R1, 1, 0
;__Lib_MathDouble.c,1926 :: 		
0x06DE	0xF001C002  	MOVFF       R2, R1
;__Lib_MathDouble.c,1927 :: 		
0x06E2	0x6A02      	CLRF        R2, 0
;__Lib_MathDouble.c,1929 :: 		
0x06E4	0x0E08      	MOVLW       8
;__Lib_MathDouble.c,1930 :: 		
0x06E6	0x5C03      	SUBWF       R3, 0, 0
;__Lib_MathDouble.c,1931 :: 		
0x06E8	0xA0D8      	BTFSS       STATUS, 0, 0
;__Lib_MathDouble.c,1932 :: 		
0x06EA	0xF003EF7F  	GOTO        TSHIFT3216
;__Lib_MathDouble.c,1933 :: 		
0x06EE	0x6E03      	MOVWF       R3, 0
;__Lib_MathDouble.c,1934 :: 		
0x06F0	0x3601      	RLCF        R1, 1, 0
;__Lib_MathDouble.c,1935 :: 		
0x06F2	0x6A01      	CLRF        R1, 0
;__Lib_MathDouble.c,1937 :: 		
0x06F4	0x5003      	MOVF        R3, 0, 0
;__Lib_MathDouble.c,1938 :: 		
0x06F6	0xA4D8      	BTFSS       STATUS, 2, 0
;__Lib_MathDouble.c,1939 :: 		
0x06F8	0x90D8      	BCF         STATUS, 0, 0
;__Lib_MathDouble.c,1940 :: 		
0x06FA	0xF003EF89  	GOTO        SHIFT3216OK
;__Lib_MathDouble.c,1941 :: 		
TSHIFT3216:
;__Lib_MathDouble.c,1942 :: 		
0x06FE	0x5003      	MOVF        R3, 0, 0
;__Lib_MathDouble.c,1943 :: 		
0x0700	0xB4D8      	BTFSC       STATUS, 2, 0
;__Lib_MathDouble.c,1944 :: 		
0x0702	0xF003EF89  	GOTO        SHIFT3216OK
;__Lib_MathDouble.c,1945 :: 		
SHIFT3216:
;__Lib_MathDouble.c,1946 :: 		
0x0706	0x90D8      	BCF         STATUS, 0, 0
;__Lib_MathDouble.c,1947 :: 		
0x0708	0x3202      	RRCF        R2, 1, 0
;__Lib_MathDouble.c,1948 :: 		
0x070A	0x3201      	RRCF        R1, 1, 0
;__Lib_MathDouble.c,1949 :: 		
0x070C	0x2E03      	DECFSZ      R3, 1, 0
;__Lib_MathDouble.c,1950 :: 		
0x070E	0xF003EF83  	GOTO        SHIFT3216
;__Lib_MathDouble.c,1951 :: 		
SHIFT3216OK:
;__Lib_MathDouble.c,1952 :: 		
0x0712	0xBC0B      	BTFSC       R11, 6, 0
;__Lib_MathDouble.c,1953 :: 		
0x0714	0xA001      	BTFSS       R1, 0, 0
;__Lib_MathDouble.c,1954 :: 		
0x0716	0xF003EF96  	GOTO        INT3216OK
;__Lib_MathDouble.c,1955 :: 		
0x071A	0xA0D8      	BTFSS       STATUS, 0, 0
;__Lib_MathDouble.c,1956 :: 		
0x071C	0xF003EF96  	GOTO        INT3216OK
;__Lib_MathDouble.c,1957 :: 		
0x0720	0x2A01      	INCF        R1, 1, 0
;__Lib_MathDouble.c,1958 :: 		
0x0722	0xB4D8      	BTFSC       STATUS, 2, 0
;__Lib_MathDouble.c,1959 :: 		
0x0724	0x2A02      	INCF        R2, 1, 0
;__Lib_MathDouble.c,1960 :: 		
0x0726	0xBE02      	BTFSC       R2, 7, 0
;__Lib_MathDouble.c,1961 :: 		
0x0728	0xF003EFB3  	GOTO        JPJSETIOV3224
;__Lib_MathDouble.c,1962 :: 		
INT3216OK:
;__Lib_MathDouble.c,1963 :: 		
0x072C	0xAE0A      	BTFSS       R10, 7, 0
;__Lib_MathDouble.c,1964 :: 		
0x072E	0xF003EFB8  	GOTO        INT3216EOK
;__Lib_MathDouble.c,1966 :: 		
0x0732	0x1E02      	COMF        R2, 1, 0
;__Lib_MathDouble.c,1967 :: 		
0x0734	0x1E01      	COMF        R1, 1, 0
;__Lib_MathDouble.c,1968 :: 		
0x0736	0x2A01      	INCF        R1, 1, 0
;__Lib_MathDouble.c,1969 :: 		
0x0738	0xB4D8      	BTFSC       STATUS, 2, 0
;__Lib_MathDouble.c,1970 :: 		
0x073A	0x2A02      	INCF        R2, 1, 0
;__Lib_MathDouble.c,1971 :: 		
0x073C	0xF003EFB8  	GOTO        INT3216EOK
;__Lib_MathDouble.c,1973 :: 		
IRES016:
;__Lib_MathDouble.c,1974 :: 		
0x0740	0x6A02      	CLRF        R2, 0
;__Lib_MathDouble.c,1975 :: 		
0x0742	0x6A01      	CLRF        R1, 0
;__Lib_MathDouble.c,1976 :: 		
0x0744	0xF003EFB8  	GOTO        INT3216EOK
;__Lib_MathDouble.c,1977 :: 		
SETIOV16:
;__Lib_MathDouble.c,1978 :: 		
0x0748	0x800B      	BSF         R11, 0, 0
;__Lib_MathDouble.c,1979 :: 		
0x074A	0xAE0B      	BTFSS       R11, 7, 0
;__Lib_MathDouble.c,1980 :: 		
0x074C	0xF003EFBC  	GOTO        INT3216EER
;__Lib_MathDouble.c,1982 :: 		
0x0750	0x6A02      	CLRF        R2, 0
;__Lib_MathDouble.c,1983 :: 		
0x0752	0xAE0A      	BTFSS       R10, 7, 0
;__Lib_MathDouble.c,1984 :: 		
0x0754	0xF003EFBC  	GOTO        INT3216EER
;__Lib_MathDouble.c,1985 :: 		
0x0758	0x0EFF      	MOVLW       255
;__Lib_MathDouble.c,1986 :: 		
0x075A	0x6E02      	MOVWF       R2, 0
;__Lib_MathDouble.c,1987 :: 		
0x075C	0x6E01      	MOVWF       R1, 0
;__Lib_MathDouble.c,1988 :: 		
0x075E	0x360A      	RLCF        R10, 1, 0
;__Lib_MathDouble.c,1989 :: 		
0x0760	0x3202      	RRCF        R2, 1, 0
;__Lib_MathDouble.c,1990 :: 		
0x0762	0xF003EFBC  	GOTO        INT3216EER
;__Lib_MathDouble.c,1992 :: 		
JPJSETIOV3224:
;__Lib_MathDouble.c,1993 :: 		
0x0766	0x0E01      	MOVLW       1
;__Lib_MathDouble.c,1994 :: 		
0x0768	0x6E0C      	MOVWF       R12, 0
;__Lib_MathDouble.c,1996 :: 		
0x076A	0xDCC4      	RCALL       _SETIOV3224
;__Lib_MathDouble.c,1998 :: 		
0x076C	0xF003EFBE  	GOTO        INT3216EEE
;__Lib_MathDouble.c,1999 :: 		
INT3216EOK:
;__Lib_MathDouble.c,2000 :: 		
0x0770	0x0E00      	MOVLW       0
;__Lib_MathDouble.c,2001 :: 		
0x0772	0x6E0C      	MOVWF       R12, 0
;__Lib_MathDouble.c,2002 :: 		
0x0774	0xF003EFBE  	GOTO        INT3216EEE
;__Lib_MathDouble.c,2003 :: 		
INT3216EER:
;__Lib_MathDouble.c,2004 :: 		
0x0778	0x0EFF      	MOVLW       255
;__Lib_MathDouble.c,2005 :: 		
0x077A	0x6E0C      	MOVWF       R12, 0
;__Lib_MathDouble.c,2006 :: 		
INT3216EEE:
;__Lib_MathDouble.c,2007 :: 		
0x077C	0x5001      	MOVF        R1, 0, 0
;__Lib_MathDouble.c,2008 :: 		
0x077E	0x6E00      	MOVWF       R0, 0
;__Lib_MathDouble.c,2009 :: 		
0x0780	0x5002      	MOVF        R2, 0, 0
;__Lib_MathDouble.c,2010 :: 		
0x0782	0x6E01      	MOVWF       R1, 0
;__Lib_MathDouble.c,2015 :: 		
L_end_Double2Int:
0x0784	0x0012      	RETURN      0
; end of _Double2Int
_ADC_Read:
;__Lib_ADC_A_C.c,41 :: 		
;__Lib_ADC_A_C.c,44 :: 		
0x0786	0x6AC2      	CLRF        ADCON0 
;__Lib_ADC_A_C.c,45 :: 		
0x0788	0x0EC0      	MOVLW       192
0x078A	0x12C2      	IORWF       ADCON0, 1 
;__Lib_ADC_A_C.c,46 :: 		
0x078C	0x8CC1      	BSF         ADCON1, 6 
;__Lib_ADC_A_C.c,48 :: 		
0x078E	0x8EC1      	BSF         ADCON1, 7 
;__Lib_ADC_A_C.c,49 :: 		
0x0790	0xF000C029  	MOVFF       FARG_ADC_Read_channel, R0
0x0794	0x3600      	RLCF        R0, 1 
0x0796	0x9000      	BCF         R0, 0 
0x0798	0x3600      	RLCF        R0, 1 
0x079A	0x9000      	BCF         R0, 0 
0x079C	0x3600      	RLCF        R0, 1 
0x079E	0x9000      	BCF         R0, 0 
0x07A0	0x5000      	MOVF        R0, 0 
0x07A2	0x12C2      	IORWF       ADCON0, 1 
;__Lib_ADC_A_C.c,50 :: 		
0x07A4	0x80C2      	BSF         ADCON0, 0 
;__Lib_ADC_A_C.c,51 :: 		
0x07A6	0xDD2F      	RCALL       _Delay_22us
;__Lib_ADC_A_C.c,52 :: 		
0x07A8	0x84C2      	BSF         ADCON0, 2 
;__Lib_ADC_A_C.c,53 :: 		
L_ADC_Read2:
0x07AA	0xA4C2      	BTFSS       ADCON0, 2 
0x07AC	0xD001      	BRA         L_ADC_Read3
;__Lib_ADC_A_C.c,54 :: 		
0x07AE	0xD7FD      	BRA         L_ADC_Read2
L_ADC_Read3:
;__Lib_ADC_A_C.c,56 :: 		
0x07B0	0xF001CFC4  	MOVFF       ADRESH, R1
0x07B4	0x6A00      	CLRF        R0 
;__Lib_ADC_A_C.c,57 :: 		
0x07B6	0x50C3      	MOVF        ADRESL, 0 
0x07B8	0x1200      	IORWF       R0, 1 
0x07BA	0x0E00      	MOVLW       0
0x07BC	0x1201      	IORWF       R1, 1 
;__Lib_ADC_A_C.c,58 :: 		
0x07BE	0x90C2      	BCF         ADCON0, 0 
;__Lib_ADC_A_C.c,60 :: 		
;__Lib_ADC_A_C.c,61 :: 		
L_end_ADC_Read:
0x07C0	0x0012      	RETURN      0
; end of _ADC_Read
_main:
0x07C2	0x0E4C      	MOVLW       76
0x07C4	0x6E15      	MOVWF       ?lstr1_LM35 
0x07C6	0x0E4D      	MOVLW       77
0x07C8	0x6E16      	MOVWF       22 
0x07CA	0x0E20      	MOVLW       32
0x07CC	0x6E17      	MOVWF       23 
0x07CE	0x0E33      	MOVLW       51
0x07D0	0x6E18      	MOVWF       24 
0x07D2	0x0E35      	MOVLW       53
0x07D4	0x6E19      	MOVWF       25 
0x07D6	0x6A1A      	CLRF        26 
;LM35.c,23 :: 		void main()
;LM35.c,25 :: 		ADCON1=0X14; // AN-O ENABLE AND ALL IS DIGITAL REF IS VSS(-) AND VDD(+)
0x07D8	0x0E14      	MOVLW       20
0x07DA	0x6EC1      	MOVWF       ADCON1 
;LM35.c,26 :: 		ADCON0=0;
0x07DC	0x6AC2      	CLRF        ADCON0 
;LM35.c,27 :: 		TRISC=0;
0x07DE	0x6A94      	CLRF        TRISC 
;LM35.c,28 :: 		TRISD=0;
0x07E0	0x6A95      	CLRF        TRISD 
;LM35.c,29 :: 		TRISB=0;
0x07E2	0x6A93      	CLRF        TRISB 
;LM35.c,30 :: 		TRISE=0;
0x07E4	0x6A96      	CLRF        TRISE 
;LM35.c,31 :: 		PORTE=0;
0x07E6	0x6A84      	CLRF        PORTE 
;LM35.c,32 :: 		PORTA=0;
0x07E8	0x6A80      	CLRF        PORTA 
;LM35.c,34 :: 		INTCON = 0;                          // disable all interrupts
0x07EA	0x6AF2      	CLRF        INTCON 
;LM35.c,35 :: 		Lcd_Init();                    // Lcd_Init_EP4, see Autocomplete
0x07EC	0xDDD4      	RCALL       _Lcd_Init
;LM35.c,36 :: 		LCD_Cmd(_LCD_CURSOR_OFF);             // send command to LCD (cursor off)
0x07EE	0x0E0C      	MOVLW       12
0x07F0	0x6E2F      	MOVWF       FARG_Lcd_Cmd_out_char 
0x07F2	0xDC3E      	RCALL       _Lcd_Cmd
;LM35.c,37 :: 		LCD_Cmd(_LCD_CLEAR);                  // send command  to LCD (clear LCD)
0x07F4	0x0E01      	MOVLW       1
0x07F6	0x6E2F      	MOVWF       FARG_Lcd_Cmd_out_char 
0x07F8	0xDC3B      	RCALL       _Lcd_Cmd
;LM35.c,38 :: 		Lcd_Out(1, 1, "LM 35");
0x07FA	0x0E01      	MOVLW       1
0x07FC	0x6E29      	MOVWF       FARG_Lcd_Out_row 
0x07FE	0x0E01      	MOVLW       1
0x0800	0x6E2A      	MOVWF       FARG_Lcd_Out_column 
0x0802	0x0E15      	MOVLW       ?lstr1_LM35
0x0804	0x6E2B      	MOVWF       FARG_Lcd_Out_text 
0x0806	0x0E00      	MOVLW       hi_addr(?lstr1_LM35)
0x0808	0x6E2C      	MOVWF       FARG_Lcd_Out_text+1 
0x080A	0xDE10      	RCALL       _Lcd_Out
;LM35.c,40 :: 		while(1)
L_main0:
;LM35.c,42 :: 		tlong=(adc_read(0)/1023.0)*5.0;              // read ADC channel(0)& divide by 1024.0 to scale
0x080C	0x6A29      	CLRF        FARG_ADC_Read_channel 
0x080E	0xDFBB      	RCALL       _ADC_Read
0x0810	0xDF3D      	RCALL       _Word2Double
0x0812	0x0E00      	MOVLW       0
0x0814	0x6E04      	MOVWF       R4 
0x0816	0x0EC0      	MOVLW       192
0x0818	0x6E05      	MOVWF       R5 
0x081A	0x0E7F      	MOVLW       127
0x081C	0x6E06      	MOVWF       R6 
0x081E	0x0E88      	MOVLW       136
0x0820	0x6E07      	MOVWF       R7 
0x0822	0xDCFF      	RCALL       _Div_32x32_FP
0x0824	0x0E00      	MOVLW       0
0x0826	0x6E04      	MOVWF       R4 
0x0828	0x0E00      	MOVLW       0
0x082A	0x6E05      	MOVWF       R5 
0x082C	0x0E20      	MOVLW       32
0x082E	0x6E06      	MOVWF       R6 
0x0830	0x0E81      	MOVLW       129
0x0832	0x6E07      	MOVWF       R7 
0x0834	0xDE9B      	RCALL       _Mul_32x32_FP
0x0836	0xF024C000  	MOVFF       R0, _tlong
0x083A	0xF025C001  	MOVFF       R1, _tlong+1
0x083E	0xF026C002  	MOVFF       R2, _tlong+2
0x0842	0xF027C003  	MOVFF       R3, _tlong+3
;LM35.c,43 :: 		tlong*=1000.0;
0x0846	0x0E00      	MOVLW       0
0x0848	0x6E04      	MOVWF       R4 
0x084A	0x0E00      	MOVLW       0
0x084C	0x6E05      	MOVWF       R5 
0x084E	0x0E7A      	MOVLW       122
0x0850	0x6E06      	MOVWF       R6 
0x0852	0x0E88      	MOVLW       136
0x0854	0x6E07      	MOVWF       R7 
0x0856	0xDE8A      	RCALL       _Mul_32x32_FP
0x0858	0xF024C000  	MOVFF       R0, _tlong
0x085C	0xF025C001  	MOVFF       R1, _tlong+1
0x0860	0xF026C002  	MOVFF       R2, _tlong+2
0x0864	0xF027C003  	MOVFF       R3, _tlong+3
;LM35.c,44 :: 		adc=tlong;
0x0868	0xDF25      	RCALL       _Double2Int
0x086A	0xF01BC000  	MOVFF       R0, _adc
0x086E	0xF01CC001  	MOVFF       R1, _adc+1
;LM35.c,45 :: 		temp[0] = ((adc/100) % 10)+48;
0x0872	0x0E64      	MOVLW       100
0x0874	0x6E04      	MOVWF       R4 
0x0876	0x0E00      	MOVLW       0
0x0878	0x6E05      	MOVWF       R5 
0x087A	0xDE15      	RCALL       _Div_16x16_S
0x087C	0x0E0A      	MOVLW       10
0x087E	0x6E04      	MOVWF       R4 
0x0880	0x0E00      	MOVLW       0
0x0882	0x6E05      	MOVWF       R5 
0x0884	0xDE10      	RCALL       _Div_16x16_S
0x0886	0xF000C008  	MOVFF       R8, R0
0x088A	0xF001C009  	MOVFF       R9, R1
0x088E	0x0E30      	MOVLW       48
0x0890	0x2400      	ADDWF       R0, 0 
0x0892	0x6E1D      	MOVWF       _temp 
;LM35.c,46 :: 		temp[1] = ((adc/10) % 10)+48;
0x0894	0x0E0A      	MOVLW       10
0x0896	0x6E04      	MOVWF       R4 
0x0898	0x0E00      	MOVLW       0
0x089A	0x6E05      	MOVWF       R5 
0x089C	0xF000C01B  	MOVFF       _adc, R0
0x08A0	0xF001C01C  	MOVFF       _adc+1, R1
0x08A4	0xDE00      	RCALL       _Div_16x16_S
0x08A6	0x0E0A      	MOVLW       10
0x08A8	0x6E04      	MOVWF       R4 
0x08AA	0x0E00      	MOVLW       0
0x08AC	0x6E05      	MOVWF       R5 
0x08AE	0xDDFB      	RCALL       _Div_16x16_S
0x08B0	0xF000C008  	MOVFF       R8, R0
0x08B4	0xF001C009  	MOVFF       R9, R1
0x08B8	0x0E30      	MOVLW       48
0x08BA	0x2400      	ADDWF       R0, 0 
0x08BC	0x6E1E      	MOVWF       _temp+1 
;LM35.c,49 :: 		temp[2] = 'C';
0x08BE	0x0E43      	MOVLW       67
0x08C0	0x6E1F      	MOVWF       _temp+2 
;LM35.c,50 :: 		temp[3] = 0;
0x08C2	0x6A20      	CLRF        _temp+3 
;LM35.c,51 :: 		Lcd_Out(2, 0,temp);
0x08C4	0x0E02      	MOVLW       2
0x08C6	0x6E29      	MOVWF       FARG_Lcd_Out_row 
0x08C8	0x6A2A      	CLRF        FARG_Lcd_Out_column 
0x08CA	0x0E1D      	MOVLW       _temp
0x08CC	0x6E2B      	MOVWF       FARG_Lcd_Out_text 
0x08CE	0x0E00      	MOVLW       hi_addr(_temp)
0x08D0	0x6E2C      	MOVWF       FARG_Lcd_Out_text+1 
0x08D2	0xDDAC      	RCALL       _Lcd_Out
;LM35.c,52 :: 		DELAY_MS(500);
0x08D4	0x0E0D      	MOVLW       13
0x08D6	0x6E0B      	MOVWF       R11, 0
0x08D8	0x0EAF      	MOVLW       175
0x08DA	0x6E0C      	MOVWF       R12, 0
0x08DC	0x0EB6      	MOVLW       182
0x08DE	0x6E0D      	MOVWF       R13, 0
L_main2:
0x08E0	0x2E0D      	DECFSZ      R13, 1, 0
0x08E2	0xD7FE      	BRA         L_main2
0x08E4	0x2E0C      	DECFSZ      R12, 1, 0
0x08E6	0xD7FC      	BRA         L_main2
0x08E8	0x2E0B      	DECFSZ      R11, 1, 0
0x08EA	0xD7FA      	BRA         L_main2
0x08EC	0x0000      	NOP
;LM35.c,53 :: 		}
0x08EE	0xD78E      	BRA         L_main0
;LM35.c,55 :: 		}
L_end_main:
0x08F0	0xD7FF      	BRA         $+0
; end of _main
Symbol List:
//** Routines locations **
//ADDRESS    SIZE    PROCEDURE
//----------------------------------------------
0x001C      [22]    _Delay_5500us
0x0032      [10]    _Delay_50us
0x003C      [12]    _Delay_1us
0x0048      [26]    _SETFUN32
0x0062      [14]    _RES032
0x0070     [124]    _Lcd_Cmd
0x00EC       [8]    _FIXSIGN32
0x00F4      [28]    _SETIOV3224
0x0110      [12]    _Lcd_Chr_CP
0x011C       [8]    _SETFDZ32
0x0124      [88]    _Div_16x16_S_L
0x017C      [24]    _SETFOV32
0x0194     [114]    _NRM3232
0x0206      [12]    _Delay_22us
0x0212      [16]    ___CC2DW
0x0222     [372]    _Div_32x32_FP
0x0396     [150]    _Lcd_Init
0x042C     [122]    _Lcd_Out
0x04A6     [198]    _Div_16x16_S
0x056C     [288]    _Mul_32x32_FP
0x068C      [40]    _Word2Double
0x06B4     [210]    _Double2Int
0x0786      [60]    _ADC_Read
0x07C2     [304]    _main
//** Variables locations ** 
//ADDRESS    SIZE    VARIABLE
//----------------------------------------------
0x0000       [1]    R0
0x0000       [1]    EEPROM_Write_SaveINTCON_L0
0x0000       [1]    SPI1_Write_tmp_L0
0x0000       [1]    __Lib_SoftI2C_PutZerosToLATScl_temp_scl_L0
0x0000       [1]    __Lib_SoftI2C_PutZerosToLATSda_temp_sda_L0
0x0000       [1]    UART1_Init_tmp_L0
0x0000       [1]    FLASH_Erase_64_SaveINTCON_L0
0x0001       [1]    UART1_Read___tmp_UART1_Read_L0
0x0001       [1]    FLASH_Erase_Write_64_i_L0
0x0001       [1]    I2C1_Rd_tmp_L0
0x0001       [1]    R1
0x0001       [1]    FLASH_Write_8_i_L0
0x0001       [1]    ispunct_rslt_L0
0x0001       [1]    __Lib_PS2_Wait_Falling_nsample_L0
0x0001       [1]    __Lib_TFT_JPEG_FileRead_i_L0
0x0001       [2]    FLASH_Read_N_Bytes_i_L0
0x0001       [1]    __Lib_TFT_JPEG_FileReadBytes_Result_L0
0x0002       [2]    memset_pp_L0
0x0002       [2]    memcpy_dd_L0
0x0002       [2]    memchr_s_L0
0x0002       [1]    R2
0x0002       [1]    FLASH_Write_8_SaveINTCON_L0
0x0002       [1]    FLASH_Erase_Write_64_j_L0
0x0002       [2]    strlen_cp_L0
0x0003       [1]    R3
0x0003       [1]    FLASH_Erase_Write_64_SaveINTCON_L0
0x0003       [2]    Ltrim_original_L0
0x0003       [2]    memmove_tt_L0
0x0004       [2]    strcat_cp_L0
0x0004       [2]    memcpy_ss_L0
0x0004       [1]    R4
0x0004       [2]    frexp_pom_L0
0x0004       [2]    strncpy_cp_L0
0x0004       [2]    strncat_cp_L0
0x0004       [2]    strcpy_cp_L0
0x0005       [2]    LongIntToHex_input_half_L0
0x0005       [2]    LongWordToHex_input_half_L0
0x0005       [2]    memmove_ff_L0
0x0005       [1]    R5
0x0005       [2]    Ltrim_p_L0
0x0006       [1]    R6
0x0007       [1]    R7
0x0007       [1]    __Lib_TFT_JPEG_GenerateHuffmanTables_bLength_L0
0x0008       [1]    R8
0x0008       [1]    __Lib_TFT_JPEG_GenerateHuffmanTables_bTable_L0
0x0009       [1]    R9
0x000A       [1]    R10
0x000B       [1]    R11
0x000C       [1]    R12
0x000D       [1]    R13
0x000E       [1]    R14
0x000F       [1]    R15
0x0010       [1]    R16
0x0011       [1]    R17
0x0012       [1]    R18
0x0013       [1]    R19
0x0014       [1]    R20
0x0015       [6]    ?lstr1_LM35
0x001B       [2]    _adc
0x001D       [7]    _temp
0x0024       [4]    _tlong
0x0028       [0]    __Lib_Lcd_cmd_status
0x0029       [1]    FARG_ADC_Read_channel
0x0029       [1]    FARG_Lcd_Out_row
0x002A       [1]    FARG_Lcd_Out_column
0x002B       [2]    FARG_Lcd_Out_text
0x002D       [1]    Lcd_Out_i_L0
0x002E       [1]    FARG_Lcd_Chr_CP_out_char
0x002F       [1]    FARG_Lcd_Cmd_out_char
0x0F80       [1]    PORTA
0x0F81       [0]    LCD_D5
0x0F81       [0]    LCD_D4
0x0F81       [1]    PORTB
0x0F81       [0]    RB7_bit
0x0F81       [0]    RB5_bit
0x0F81       [0]    RB6_bit
0x0F81       [0]    LCD_D6
0x0F81       [0]    LCD_D7
0x0F81       [0]    RB4_bit
0x0F82       [1]    PORTC
0x0F83       [1]    PORTD
0x0F84       [0]    LCD_RS
0x0F84       [0]    LCD_EN
0x0F84       [0]    RE2_bit
0x0F84       [1]    PORTE
0x0F84       [0]    RE0_bit
0x0F89       [1]    LATA
0x0F8A       [1]    LATB
0x0F8B       [1]    LATC
0x0F8C       [1]    LATD
0x0F8D       [1]    LATE
0x0F92       [1]    TRISA
0x0F93       [0]    LCD_D4_Direction
0x0F93       [0]    LCD_D7_Direction
0x0F93       [0]    LCD_D6_Direction
0x0F93       [0]    LCD_D5_Direction
0x0F93       [0]    TRISB6_bit
0x0F93       [0]    TRISB7_bit
0x0F93       [0]    TRISB5_bit
0x0F93       [0]    TRISB4_bit
0x0F93       [1]    TRISB
0x0F94       [1]    TRISC
0x0F95       [1]    TRISD
0x0F96       [0]    TRISE2_bit
0x0F96       [0]    TRISE0_bit
0x0F96       [0]    LCD_EN_Direction
0x0F96       [1]    TRISE
0x0F96       [0]    LCD_RS_Direction
0x0F9D       [1]    PIE1
0x0F9E       [1]    PIR1
0x0F9F       [1]    IPR1
0x0FA0       [1]    PIE2
0x0FA1       [1]    PIR2
0x0FA2       [1]    IPR2
0x0FA6       [1]    EECON1
0x0FAB       [1]    RCSTA
0x0FAC       [1]    TXSTA
0x0FB1       [1]    T3CON
0x0FBA       [1]    CCP2CON
0x0FBD       [1]    CCP1CON
0x0FC1       [1]    ADCON1
0x0FC2       [1]    ADCON0
0x0FC3       [1]    ADRESL
0x0FC4       [1]    ADRESH
0x0FC5       [1]    SSPCON2
0x0FC6       [1]    SSPCON1
0x0FC7       [1]    SSPSTAT
0x0FCA       [1]    T2CON
0x0FCD       [1]    T1CON
0x0FD0       [1]    RCON
0x0FD1       [1]    WDTCON
0x0FD2       [1]    LVDCON
0x0FD3       [1]    OSCCON
0x0FD5       [1]    T0CON
0x0FD8       [1]    STATUS
0x0FD9       [1]    FSR2L
0x0FDA       [1]    FSR2H
0x0FDE       [1]    POSTINC2
0x0FE0       [1]    BSR
0x0FE1       [1]    FSR1L
0x0FE2       [1]    FSR1H
0x0FE4       [1]    PREINC1
0x0FE6       [1]    POSTINC1
0x0FE7       [1]    INDF1
0x0FE8       [1]    WREG
0x0FE9       [1]    FSR0L
0x0FEA       [1]    FSR0H
0x0FEE       [1]    POSTINC0
0x0FF0       [1]    INTCON3
0x0FF1       [1]    INTCON2
0x0FF2       [1]    INTCON
0x0FF3       [1]    PRODL
0x0FF4       [1]    PRODH
0x0FF5       [1]    TABLAT
0x0FF6       [1]    TBLPTRL
0x0FF7       [1]    TBLPTRH
0x0FF8       [1]    TBLPTRU
0x0FFB       [1]    PCLATU
0x0FFC       [1]    STKPTR
//** Label List: ** 
//----------------------------------------------
  L_main0
  L_main1
  L_main2
  L_end_main
  _main
  L_end_P18F452___?ag
  P18F452____?ag
  L_ADC_Get_Sample0
  L_ADC_Get_Sample1
  L_ADC_Read2
  L_ADC_Read3
  L_end_ADC_Init
  _ADC_Init
  L_end_ADC_Get_Sample
  _ADC_Get_Sample
  L_end_ADC_Read
  _ADC_Read
  L_Delay_10us0
  L_Delay_22us1
  L_Delay_50us2
  L_Delay_80us3
  L_Delay_500us4
  L_Delay_5500us5
  L_Delay_1ms6
  L_Delay_5ms7
  L_Delay_8ms8
  L_Delay_100ms9
  L_Delay_10ms10
  L_Delay_1sec11
  L____Boot_Delay4k12
  L____Boot_Delay8k13
  L____Boot_Delay12k14
  L____Boot_Delay16k15
  L____Boot_Delay24k16
  L____Boot_Delay32k17
  L____Boot_Delay48k18
  L____Boot_Delay64k19
  L____Boot_Delay128k20
  L_Delay_Cyc21
  L_Delay_Cyc22
  L_VDelay_ms23
  L_VDelay_ms24
  L_VDelay_ms25
  L_VDelay_Advanced_ms26
  L_VDelay_Advanced_ms27
  L_VDelay_Advanced_ms28
  L_end_Get_Fosc_kHz
  _Get_Fosc_kHz
  L_end_Delay_1us
  _Delay_1us
  L_end_Delay_10us
  _Delay_10us
  L_end_Delay_22us
  _Delay_22us
  L_end_Delay_50us
  _Delay_50us
  L_end_Delay_80us
  _Delay_80us
  L_end_Delay_500us
  _Delay_500us
  L_end_Delay_5500us
  _Delay_5500us
  L_end_Delay_1ms
  _Delay_1ms
  L_end_Delay_5ms
  _Delay_5ms
  L_end_Delay_8ms
  _Delay_8ms
  L_end_Delay_100ms
  _Delay_100ms
  L_end_Delay_10ms
  _Delay_10ms
  L_end_Delay_1sec
  _Delay_1sec
  L_end____Boot_Delay4k
  ____Boot_Delay4k
  L_end____Boot_Delay8k
  ____Boot_Delay8k
  L_end____Boot_Delay12k
  ____Boot_Delay12k
  L_end____Boot_Delay16k
  ____Boot_Delay16k
  L_end____Boot_Delay24k
  ____Boot_Delay24k
  L_end____Boot_Delay32k
  ____Boot_Delay32k
  L_end____Boot_Delay48k
  ____Boot_Delay48k
  L_end____Boot_Delay64k
  ____Boot_Delay64k
  L_end____Boot_Delay128k
  ____Boot_Delay128k
  L_end_Delay_Cyc
  _Delay_Cyc
  L_end_VDelay_ms
  _VDelay_ms
  L__VDelay_ms54
  L__VDelay_ms55
  L__VDelay_ms56
  L_end_VDelay_Advanced_ms
  _VDelay_Advanced_ms
  L__VDelay_Advanced_ms58
  L__VDelay_Advanced_ms59
  L__VDelay_Advanced_ms60
  L_Lcd_Cmd0
  L_Lcd_Cmd1
  L_Lcd_Out_CP2
  L_Lcd_Out_CP3
  L_Lcd_Chr4
  L_Lcd_Chr5
  L_Lcd_Chr6
  L_Lcd_Chr7
  L_Lcd_Chr8
  L_Lcd_Chr9
  L_Lcd_Chr10
  L_Lcd_Out11
  L_Lcd_Out12
  L_Lcd_Out13
  L_Lcd_Out14
  L_Lcd_Out15
  L_Lcd_Out16
  L_Lcd_Out17
  L_Lcd_Out18
  L_Lcd_Out19
  L_end_Lcd_Cmd
  _Lcd_Cmd
  L__Lcd_Cmd21
  L__Lcd_Cmd22
  L__Lcd_Cmd23
  L__Lcd_Cmd24
  L__Lcd_Cmd25
  L__Lcd_Cmd26
  L__Lcd_Cmd27
  L__Lcd_Cmd28
  L__Lcd_Cmd29
  L__Lcd_Cmd30
  L__Lcd_Cmd31
  L__Lcd_Cmd32
  L__Lcd_Cmd33
  L__Lcd_Cmd34
  L__Lcd_Cmd35
  L__Lcd_Cmd36
  L__Lcd_Cmd37
  L__Lcd_Cmd38
  L__Lcd_Cmd39
  L__Lcd_Cmd40
  L_end_Lcd_Chr_CP
  _Lcd_Chr_CP
  L_end_Lcd_Out_CP
  _Lcd_Out_CP
  L_end_Lcd_Chr
  _Lcd_Chr
  L_end_Lcd_Init
  _Lcd_Init
  L_end_Lcd_Out
  _Lcd_Out
  L_Div_16x16_S0
  L_Div_16x16_S1
  LOOPS3232A
  SADD22LA
  SOK22LA
  SADD22L8
  SOK22L8
  LOOPS3232B
  SADD22LB
  SOK22LB
  SADD22L16
  SOK22L16
  LOOPS3232C
  SADD22LC
  SOK22LC
  SADD22L24
  SOK22L24
  LOOPS3232D
  SADD22LD
  SOK22LD
  SOK22L
  L_Div_32x32_S6
  L_Div_32x32_S7
  L_Div_32x32_S8
  L_Div_32x32_S9
  FXD3232S
  END_ALL
  CA3232S
  C3232SX
  C3232SX1
  C3232S
  C3232S2
  C3232SX4
  C3232SOK
  C3232SX3
  C3232SX2
  avoid_comfrem
  LOOPU3232A
  UADD22LA
  UOK22LA
  UADD22L8
  UOK22L8
  LOOPU3232B
  UADD22LB
  UOK22LB
  UADD22L16
  UOK22L16
  LOOPU3232C
  UADD22LC
  UOK22LC
  UADD22L24
  UOK22L24
  LOOPU3232D
  UADD22LD
  UOK22LD
  UOK22L
  _NEXT
  _EXIT2
  _LOOP
  _EXIT1
  _IF_FIRST
  _IF_SECOND
  _INVERCE_FIRST
  _MULT
  _INBERSE_SECOND
  _EXIT
  L_end_Div_8x8_U
  _Div_8x8_U
  L_end_Div_16x16_U
  _Div_16x16_U
  L_end_Div_16x16_S_L
  _Div_16x16_S_L
  L_end_Div_16x16_S
  _Div_16x16_S
  L_end_Div_8x8_S
  _Div_8x8_S
  L_end_Mul_8x8_S
  _Mul_8x8_S
  L_end_Mul_16x16_U
  _Mul_16x16_U
  L_end_Mul_16x16_S
  _Mul_16x16_S
  L_end_SDIV3232L
  _SDIV3232L
  L_end_COMFREM
  _COMFREM
  L_end_Div_32x32_S
  _Div_32x32_S
  L_end_Div_32x32_U
  _Div_32x32_U
  L_end_Mul_32x32_U
  _Mul_32x32_U
  L_end_Mul_32x32_S
  _Mul_32x32_S
  SETFOV32EEE
  SETFUN32EEE
  NRMRND4032
  NRM40JPSETFOV32
  NRM4032
  NRM4032A
  TNIB4032
  NORM4032
  TNORMUN4032
  NRM40JPSETFUN32
  NRM40JPFIXSIGN32
  NRM4032B
  TNIB4032A
  NORM4032A
  NRM4032C
  TNIB4032B
  NORM4032B
  NRM40JPRES032
  TNIB4032C
  NORM4032C
  NRM40EEE
  NORM3232
  JPNRES032
  JPNSETFUN32
  NORM3232A
  JMPNFIXSIGN32
  NORM32EEE
  SETIOV3224EEE
  FPA32
  USEA32
  USEB32
  BRETURN32
  BLIGNED32
  BNIB32
  BNIB32A
  BNIB32B
  BNIB32C
  ADDEOK
  BLOOP32C
  BLOOP32B
  BLOOP32A
  BLOOP32
  AOK32
  BNE032
  ALIGNED32
  ANIB32
  ANIB32A
  ANIB32B
  ANIB32C
  ALOOP32C
  ALOOP32B
  ALOOP32A
  ALOOP32
  ACOMP32
  ADDJPNRMRND4032
  ADDJPSETFOV32
  ADDJPNRM4032
  ADDEEE
  FPS32
  FPM32
  MULJPRES032
  M32BNE0
  MTUN32
  MULJPSETFOV32
  MOK32
  MULJPSETFUN32
  MROUND32
  MUL32OK
  MULEEE
  L_Div_32x32_FP11
  L_Div_32x32_FP12
  L_Div_32x32_FP13
  L_Div_32x32_FP14
  FPD32
  JPDSETFDZ32
  JPDRES032
  D32BNE0
  TALIGN32
  TS1ALIGN32
  TS2ALIGN32
  DALIGN32OK
  ALTB32
  AGEB32
  JPDSETFOV32
  DARGOK32
  JPDSETFUN32
  DLOOP32
  DS132
  DS232
  DREST32
  DOK32
  DAREST32
  DROUND32
  DIV32OK
  DIV32EEE
  INT3232U
  INT3232UEOK
  SETEXP32U
  SETIOV32U
  TSHIFT3232U
  SHIFT3232UOK
  SHIFT3232U
  INT3232UOK
  JPLSETIOV3224
  IRES032U
  INT3232UEER
  INT3232UEEE
  INT3232
  INT3232EOK
  SETIOV32
  TSHIFT3232
  SHIFT3232OK
  SHIFT3232
  INT3232OK
  JPISETIOV3224
  IRES032
  INT3232EER
  INT3232EEE
  INT3216
  IRES016
  SETIOV16
  TSHIFT3216
  SHIFT3216OK
  SHIFT3216
  INT3216OK
  JPJSETIOV3224
  INT3216EOK
  INT3216EER
  INT3216EEE
  INT3216U
  IRES016U
  SETEXP16U
  SETIOV16U
  TSHIFT3216U
  SHIFT3216UOK
  SHIFT3216U
  INT3216UOK
  JPKSETIOV3224
  INT3216UEOK
  INT3216UEER
  INT3216UEEE
  INT32U08
  IRES008
  SETEXP08
  SETIOV08
  TSHIFT3208
  SHIFT3208OK
  SHIFT3208
  INT3208OK
  D2B_JPKSETIOV3224
  INT3208EOK
  INT3208EER
  INT3208EEE
  FLO08U32
  FLO1632
  FLO1632EEE
  FLO16U32
  FLO3232
  FLO3232EEE
  FLO32U32
  EQU_FALSE
  COMPARE_EQU
  COMPARE_NOTZERO
  COMPARE_XNOTZERO
  COMPARE_YNOTZERO
  COMPARE_LT
  COMPARE_GT
  COMPARE_TESTALL
  COMPARE_C1
  GT_FALSE
  GT_TRUE
  COMPARE_C2
  COMPARE_C3
  L_end_SETFOV32
  _SETFOV32
  L_end_SETFDZ32
  _SETFDZ32
  L_end_FIXSIGN32
  _FIXSIGN32
  L_end_RES032
  _RES032
  L_end_SETFUN32
  _SETFUN32
  L_end_NRM4032
  _NRM4032
  L_end_NRM3232
  _NRM3232
  L_end_SETIOV3224
  _SETIOV3224
  L_end_Add_32x32_FP
  _Add_32x32_FP
  L_end_Sub_32x32_FP
  _Sub_32x32_FP
  L_end_Mul_32x32_FP
  _Mul_32x32_FP
  L_end_Div_32x32_FP
  _Div_32x32_FP
  L_end_Double2Longword
  _Double2Longword
  L_end_Double2Longint
  _Double2Longint
  L_end_Double2Int
  _Double2Int
  L_end_Double2Word
  _Double2Word
  L_end_Double2Byte
  _Double2Byte
  L_end_Byte2Double
  _Byte2Double
  L_end_Int2Double
  _Int2Double
  L_end_Word2Double
  _Word2Double
  L_end_Longint2Double
  _Longint2Double
  L_end_Longword2Double
  _Longword2Double
  L_end_Equals_Double
  _Equals_Double
  L_end_Compare_Double
  _Compare_Double
  _CC2D_Loop1
  _CC2DL_Loop1
  L_longjmp2
  L_end___CC2D
  ___CC2D
  L_end___CC2DW
  ___CC2DW
  L_end_____DoIFC
  _____DoIFC
  L_end_Swap
  _Swap
  L_end_setjmp
  _setjmp
  L_end_longjmp
  _longjmp
