;  LST file generated by mikroListExporter - v.2.0 
; Date/Time: 7/25/2011 5:55:43 AM
;----------------------------------------------

;Address Opcode 	ASM
0x0000	0xF000EF75  	GOTO        234
0x0004	0x0000      	NOP
0x0006	0x0000      	NOP
0x0008	0xF000EF00  	GOTO        0
0x000C	0x0000      	NOP
0x000E	0x0000      	NOP
0x0010	0x0000      	NOP
0x0012	0x0000      	NOP
0x0014	0x0000      	NOP
0x0016	0x0000      	NOP
0x0018	0xD7F3      	BRA         0
_UART1_Write:
;__Lib_UART_c67.c,58 :: 		
;__Lib_UART_c67.c,59 :: 		
L_UART1_Write3:
0x001C	0xB2AC      	BTFSC       TXSTA, 1 
0x001E	0xD002      	BRA         L_UART1_Write4
;__Lib_UART_c67.c,60 :: 		
0x0020	0x0000      	NOP
0x0022	0xD7FC      	BRA         L_UART1_Write3
L_UART1_Write4:
;__Lib_UART_c67.c,61 :: 		
0x0024	0xFFADC048  	MOVFF       FARG_UART1_Write_data_, TXREG
;__Lib_UART_c67.c,62 :: 		
L_end_UART1_Write:
0x0028	0x0012      	RETURN      0
; end of _UART1_Write
_LF_CR:
;UART SAMPLE 2.c,2 :: 		void LF_CR()
;UART SAMPLE 2.c,4 :: 		UART1_Write(10); //LF
0x002A	0x0E0A      	MOVLW       10
0x002C	0x6E48      	MOVWF       FARG_UART1_Write_data_ 
0x002E	0xDFF6      	RCALL       _UART1_Write
;UART SAMPLE 2.c,5 :: 		UART1_Write(13); //CR
0x0030	0x0E0D      	MOVLW       13
0x0032	0x6E48      	MOVWF       FARG_UART1_Write_data_ 
0x0034	0xDFF3      	RCALL       _UART1_Write
;UART SAMPLE 2.c,6 :: 		}
L_end_LF_CR:
0x0036	0x0012      	RETURN      0
; end of _LF_CR
_UART1_Data_Ready:
;__Lib_UART_c67.c,34 :: 		
;__Lib_UART_c67.c,35 :: 		
0x0038	0x0E00      	MOVLW       0
0x003A	0xBA9E      	BTFSC       PIR1, 5 
0x003C	0x0E01      	MOVLW       1
0x003E	0x6E00      	MOVWF       R0 
;__Lib_UART_c67.c,36 :: 		
L_end_UART1_Data_Ready:
0x0040	0x0012      	RETURN      0
; end of _UART1_Data_Ready
_UART1_Read:
;__Lib_UART_c67.c,39 :: 		
;__Lib_UART_c67.c,42 :: 		
0x0042	0xF001CFAE  	MOVFF       RCREG, R1
;__Lib_UART_c67.c,43 :: 		
0x0046	0xA2AB      	BTFSS       RCSTA, 1 
0x0048	0xD002      	BRA         L_UART1_Read2
;__Lib_UART_c67.c,44 :: 		
0x004A	0x98AB      	BCF         RCSTA, 4 
;__Lib_UART_c67.c,45 :: 		
0x004C	0x88AB      	BSF         RCSTA, 4 
;__Lib_UART_c67.c,46 :: 		
L_UART1_Read2:
;__Lib_UART_c67.c,47 :: 		
0x004E	0xF000C001  	MOVFF       R1, R0
;__Lib_UART_c67.c,48 :: 		
L_end_UART1_Read:
0x0052	0x0012      	RETURN      0
; end of _UART1_Read
___CC2DW:
;__Lib_System.c,21 :: 		
;__Lib_System.c,23 :: 		
_CC2DL_Loop1:
;__Lib_System.c,24 :: 		
0x0054	0x0009      	TBLRD*+
;__Lib_System.c,25 :: 		
0x0056	0xFFE6CFF5  	MOVFF       TABLAT, POSTINC1
;__Lib_System.c,26 :: 		
0x005A	0x0600      	DECF        R0, 1, 0
;__Lib_System.c,27 :: 		
0x005C	0xE1FB      	BNZ         _CC2DL_Loop1
;__Lib_System.c,28 :: 		
0x005E	0x0601      	DECF        R1, 1, 0
;__Lib_System.c,29 :: 		
0x0060	0xE1F9      	BNZ         _CC2DL_Loop1
;__Lib_System.c,31 :: 		
L_end___CC2DW:
0x0062	0x0012      	RETURN      0
; end of ___CC2DW
_UART1_Init:
;__Lib_UART_c67.c,15 :: 		
;__Lib_UART_c67.c,18 :: 		
0x0064	0x0E1C      	MOVLW       _UART1_Write
0x0066	0x6E38      	MOVWF       _UART_Wr_Ptr 
0x0068	0x0E00      	MOVLW       hi_addr(_UART1_Write)
0x006A	0x6E39      	MOVWF       _UART_Wr_Ptr+1 
0x006C	0x0E48      	MOVLW       FARG_UART1_Write_data_
0x006E	0x6E3A      	MOVWF       _UART_Wr_Ptr+2 
0x0070	0x0E00      	MOVLW       hi_addr(FARG_UART1_Write_data_)
0x0072	0x6E3B      	MOVWF       _UART_Wr_Ptr+3 
;__Lib_UART_c67.c,19 :: 		
0x0074	0x0E42      	MOVLW       _UART1_Read
0x0076	0x6E34      	MOVWF       _UART_Rd_Ptr 
0x0078	0x0E00      	MOVLW       hi_addr(_UART1_Read)
0x007A	0x6E35      	MOVWF       _UART_Rd_Ptr+1 
0x007C	0x0E00      	MOVLW       0
0x007E	0x6E36      	MOVWF       _UART_Rd_Ptr+2 
0x0080	0x0E00      	MOVLW       0
0x0082	0x6E37      	MOVWF       _UART_Rd_Ptr+3 
;__Lib_UART_c67.c,20 :: 		
0x0084	0x0E38      	MOVLW       _UART1_Data_Ready
0x0086	0x6E40      	MOVWF       _UART_Rdy_Ptr 
0x0088	0x0E00      	MOVLW       hi_addr(_UART1_Data_Ready)
0x008A	0x6E41      	MOVWF       _UART_Rdy_Ptr+1 
0x008C	0x0E00      	MOVLW       0
0x008E	0x6E42      	MOVWF       _UART_Rdy_Ptr+2 
0x0090	0x0E00      	MOVLW       0
0x0092	0x6E43      	MOVWF       _UART_Rdy_Ptr+3 
;__Lib_UART_c67.c,21 :: 		
0x0094	0x0EFF      	MOVLW       _UART1_Tx_Idle
0x0096	0x6E3C      	MOVWF       _UART_Tx_Idle_Ptr 
0x0098	0x0EFF      	MOVLW       hi_addr(_UART1_Tx_Idle)
0x009A	0x6E3D      	MOVWF       _UART_Tx_Idle_Ptr+1 
0x009C	0x0E00      	MOVLW       0
0x009E	0x6E3E      	MOVWF       _UART_Tx_Idle_Ptr+2 
0x00A0	0x0E00      	MOVLW       0
0x00A2	0x6E3F      	MOVWF       _UART_Tx_Idle_Ptr+3 
;__Lib_UART_c67.c,23 :: 		
0x00A4	0x8AAC      	BSF         TXSTA, 5 
;__Lib_UART_c67.c,24 :: 		
0x00A6	0x0E90      	MOVLW       144
0x00A8	0x6EAB      	MOVWF       RCSTA 
;__Lib_UART_c67.c,25 :: 		
0x00AA	0x8E94      	BSF         TRISC7_bit, 7 
;__Lib_UART_c67.c,26 :: 		
0x00AC	0x9C94      	BCF         TRISC6_bit, 6 
;__Lib_UART_c67.c,28 :: 		
L_UART1_Init0:
0x00AE	0xAA9E      	BTFSS       PIR1, 5 
0x00B0	0xD003      	BRA         L_UART1_Init1
;__Lib_UART_c67.c,29 :: 		
0x00B2	0xF000CFAE  	MOVFF       RCREG, R0
0x00B6	0xD7FB      	BRA         L_UART1_Init0
L_UART1_Init1:
;__Lib_UART_c67.c,30 :: 		
L_end_UART1_Init:
0x00B8	0x0012      	RETURN      0
; end of _UART1_Init
_UART1_Write_Text:
;__Lib_UART_c67.c,66 :: 		
;__Lib_UART_c67.c,67 :: 		
0x00BA	0x6A47      	CLRF        UART1_Write_Text_counter_L0 
;__Lib_UART_c67.c,69 :: 		
0x00BC	0xFFE9C044  	MOVFF       FARG_UART1_Write_Text_uart_text, FSR0
0x00C0	0xFFEAC045  	MOVFF       FARG_UART1_Write_Text_uart_text+1, FSR0H
0x00C4	0xF046CFEE  	MOVFF       POSTINC0, UART1_Write_Text_data__L0
;__Lib_UART_c67.c,70 :: 		
L_UART1_Write_Text5:
0x00C8	0x5046      	MOVF        UART1_Write_Text_data__L0, 0 
0x00CA	0x0A00      	XORLW       0
0x00CC	0xE00D      	BZ          L_UART1_Write_Text6
;__Lib_UART_c67.c,71 :: 		
0x00CE	0xF048C046  	MOVFF       UART1_Write_Text_data__L0, FARG_UART1_Write_data_
0x00D2	0xDFA4      	RCALL       _UART1_Write
;__Lib_UART_c67.c,72 :: 		
0x00D4	0x2A47      	INCF        UART1_Write_Text_counter_L0, 1 
;__Lib_UART_c67.c,73 :: 		
0x00D6	0x5047      	MOVF        UART1_Write_Text_counter_L0, 0 
0x00D8	0x2444      	ADDWF       FARG_UART1_Write_Text_uart_text, 0 
0x00DA	0x6EE9      	MOVWF       FSR0 
0x00DC	0x0E00      	MOVLW       0
0x00DE	0x2045      	ADDWFC      FARG_UART1_Write_Text_uart_text+1, 0 
0x00E0	0x6EEA      	MOVWF       FSR0H 
0x00E2	0xF046CFEE  	MOVFF       POSTINC0, UART1_Write_Text_data__L0
;__Lib_UART_c67.c,74 :: 		
0x00E6	0xD7F0      	BRA         L_UART1_Write_Text5
L_UART1_Write_Text6:
;__Lib_UART_c67.c,75 :: 		
L_end_UART1_Write_Text:
0x00E8	0x0012      	RETURN      0
; end of _UART1_Write_Text
_main:
0x00EA	0xF000ECC0  	CALL        384, 0
;UART SAMPLE 2.c,8 :: 		void main() {
;UART SAMPLE 2.c,10 :: 		UART1_Init(9600);               // Initialize UART module at 9600 bps
0x00EE	0x0E81      	MOVLW       129
0x00F0	0x6EAF      	MOVWF       SPBRG 
0x00F2	0x84AC      	BSF         TXSTA, 2, 0
0x00F4	0xDFB7      	RCALL       _UART1_Init
;UART SAMPLE 2.c,11 :: 		Delay_ms(100);                  // Wait for UART module to stabilize
0x00F6	0x0E03      	MOVLW       3
0x00F8	0x6E0B      	MOVWF       R11, 0
0x00FA	0x0E8A      	MOVLW       138
0x00FC	0x6E0C      	MOVWF       R12, 0
0x00FE	0x0E55      	MOVLW       85
0x0100	0x6E0D      	MOVWF       R13, 0
L_main0:
0x0102	0x2E0D      	DECFSZ      R13, 1, 0
0x0104	0xD7FE      	BRA         L_main0
0x0106	0x2E0C      	DECFSZ      R12, 1, 0
0x0108	0xD7FC      	BRA         L_main0
0x010A	0x2E0B      	DECFSZ      R11, 1, 0
0x010C	0xD7FA      	BRA         L_main0
0x010E	0x0000      	NOP
0x0110	0x0000      	NOP
;UART SAMPLE 2.c,13 :: 		UART1_Write_Text("Start");
0x0112	0x0E15      	MOVLW       ?lstr1_UART_32SAMPLE_322
0x0114	0x6E44      	MOVWF       FARG_UART1_Write_Text_uart_text 
0x0116	0x0E00      	MOVLW       hi_addr(?lstr1_UART_32SAMPLE_322)
0x0118	0x6E45      	MOVWF       FARG_UART1_Write_Text_uart_text+1 
0x011A	0xDFCF      	RCALL       _UART1_Write_Text
;UART SAMPLE 2.c,14 :: 		LF_CR();
0x011C	0xDF86      	RCALL       _LF_CR
;UART SAMPLE 2.c,16 :: 		while (1)
L_main1:
;UART SAMPLE 2.c,18 :: 		if (UART1_Data_Ready()) {     // If data is received,
0x011E	0xDF8C      	RCALL       _UART1_Data_Ready
0x0120	0x5200      	MOVF        R0, 1 
0x0122	0xE006      	BZ          L_main3
;UART SAMPLE 2.c,19 :: 		uart_rd = UART1_Read();     // read the received data,
0x0124	0xDF8E      	RCALL       _UART1_Read
0x0126	0xF033C000  	MOVFF       R0, _uart_rd
;UART SAMPLE 2.c,20 :: 		UART1_Write(uart_rd);       // and send data via UART
0x012A	0xF048C000  	MOVFF       R0, FARG_UART1_Write_data_
0x012E	0xDF76      	RCALL       _UART1_Write
;UART SAMPLE 2.c,21 :: 		}
L_main3:
;UART SAMPLE 2.c,22 :: 		if (portc.B4==0)
0x0130	0xB882      	BTFSC       PORTC, 4 
0x0132	0xD00A      	BRA         L_main4
;UART SAMPLE 2.c,24 :: 		UART1_Write_Text("portc.B4==0");
0x0134	0x0E27      	MOVLW       ?lstr2_UART_32SAMPLE_322
0x0136	0x6E44      	MOVWF       FARG_UART1_Write_Text_uart_text 
0x0138	0x0E00      	MOVLW       hi_addr(?lstr2_UART_32SAMPLE_322)
0x013A	0x6E45      	MOVWF       FARG_UART1_Write_Text_uart_text+1 
0x013C	0xDFBE      	RCALL       _UART1_Write_Text
;UART SAMPLE 2.c,25 :: 		while(portc.B4==0); // stay here until button press
L_main5:
0x013E	0xB882      	BTFSC       PORTC, 4 
0x0140	0xD001      	BRA         L_main6
0x0142	0xD7FD      	BRA         L_main5
L_main6:
;UART SAMPLE 2.c,26 :: 		LF_CR();
0x0144	0xDF72      	RCALL       _LF_CR
;UART SAMPLE 2.c,27 :: 		}
0x0146	0xD00B      	BRA         L_main7
L_main4:
;UART SAMPLE 2.c,28 :: 		else if (portc.B5==0)
0x0148	0xBA82      	BTFSC       PORTC, 5 
0x014A	0xD009      	BRA         L_main8
;UART SAMPLE 2.c,30 :: 		UART1_Write_Text("portc.B5==0");
0x014C	0x0E1B      	MOVLW       ?lstr3_UART_32SAMPLE_322
0x014E	0x6E44      	MOVWF       FARG_UART1_Write_Text_uart_text 
0x0150	0x0E00      	MOVLW       hi_addr(?lstr3_UART_32SAMPLE_322)
0x0152	0x6E45      	MOVWF       FARG_UART1_Write_Text_uart_text+1 
0x0154	0xDFB2      	RCALL       _UART1_Write_Text
;UART SAMPLE 2.c,31 :: 		while(portc.B5==0); // stay here until button press
L_main9:
0x0156	0xBA82      	BTFSC       PORTC, 5 
0x0158	0xD001      	BRA         L_main10
0x015A	0xD7FD      	BRA         L_main9
L_main10:
;UART SAMPLE 2.c,32 :: 		LF_CR();
0x015C	0xDF66      	RCALL       _LF_CR
;UART SAMPLE 2.c,33 :: 		}
L_main8:
L_main7:
;UART SAMPLE 2.c,34 :: 		}
0x015E	0xD7DF      	BRA         L_main1
;UART SAMPLE 2.c,35 :: 		}
L_end_main:
0x0160	0xD7FF      	BRA         $+0
; end of _main
0x0180	0xF015EE10  	LFSR        1, 21
0x0184	0x0E1E      	MOVLW       30
0x0186	0x6E00      	MOVWF       R0 
0x0188	0x0E01      	MOVLW       1
0x018A	0x6E01      	MOVWF       R1 
0x018C	0x0E62      	MOVLW       98
0x018E	0x6EF6      	MOVWF       4086 
0x0190	0x0E01      	MOVLW       1
0x0192	0x6EF7      	MOVWF       TBLPTRH 
0x0194	0x0E00      	MOVLW       0
0x0196	0x6EF8      	MOVWF       TBLPTRU 
0x0198	0xF000EC2A  	CALL        84, 0
0x019C	0x0012      	RETURN      0
;UART SAMPLE 2.c,0 :: ?ICS?lstr1_UART_32SAMPLE_322
0x0162	0x7453 ;?ICS?lstr1_UART_32SAMPLE_322+0
0x0164	0x7261 ;?ICS?lstr1_UART_32SAMPLE_322+2
0x0166	0x0074 ;?ICS?lstr1_UART_32SAMPLE_322+4
; end of ?ICS?lstr1_UART_32SAMPLE_322
;UART SAMPLE 2.c,0 :: ?ICS?lstr3_UART_32SAMPLE_322
0x0168	0x6F70 ;?ICS?lstr3_UART_32SAMPLE_322+0
0x016A	0x7472 ;?ICS?lstr3_UART_32SAMPLE_322+2
0x016C	0x2E63 ;?ICS?lstr3_UART_32SAMPLE_322+4
0x016E	0x3542 ;?ICS?lstr3_UART_32SAMPLE_322+6
0x0170	0x3D3D ;?ICS?lstr3_UART_32SAMPLE_322+8
0x0172	0x0030 ;?ICS?lstr3_UART_32SAMPLE_322+10
; end of ?ICS?lstr3_UART_32SAMPLE_322
;UART SAMPLE 2.c,0 :: ?ICS?lstr2_UART_32SAMPLE_322
0x0174	0x6F70 ;?ICS?lstr2_UART_32SAMPLE_322+0
0x0176	0x7472 ;?ICS?lstr2_UART_32SAMPLE_322+2
0x0178	0x2E63 ;?ICS?lstr2_UART_32SAMPLE_322+4
0x017A	0x3442 ;?ICS?lstr2_UART_32SAMPLE_322+6
0x017C	0x3D3D ;?ICS?lstr2_UART_32SAMPLE_322+8
0x017E	0x0030 ;?ICS?lstr2_UART_32SAMPLE_322+10
; end of ?ICS?lstr2_UART_32SAMPLE_322
Symbol List:
//** Routines locations **
//ADDRESS    SIZE    PROCEDURE
//----------------------------------------------
0x001C      [14]    _UART1_Write
0x002A      [14]    _LF_CR
0x0038      [10]    _UART1_Data_Ready
0x0042      [18]    _UART1_Read
0x0054      [16]    ___CC2DW
0x0064      [86]    _UART1_Init
0x00BA      [48]    _UART1_Write_Text
0x00EA     [120]    _main
//** Variables locations ** 
//ADDRESS    SIZE    VARIABLE
//----------------------------------------------
0x0000       [1]    __Lib_SoftI2C_PutZerosToLATScl_temp_scl_L0
0x0000       [1]    SPI1_Write_tmp_L0
0x0000       [1]    __Lib_SoftI2C_PutZerosToLATSda_temp_sda_L0
0x0000       [1]    UART1_Init_tmp_L0
0x0000       [1]    EEPROM_Write_SaveINTCON_L0
0x0000       [1]    R0
0x0000       [1]    FLASH_Erase_64_SaveINTCON_L0
0x0001       [1]    UART1_Read___tmp_UART1_Read_L0
0x0001       [1]    __Lib_TFT_JPEG_FileReadBytes_Result_L0
0x0001       [1]    ispunct_rslt_L0
0x0001       [1]    __Lib_TFT_JPEG_FileRead_i_L0
0x0001       [1]    FLASH_Write_8_i_L0
0x0001       [1]    R1
0x0001       [2]    FLASH_Read_N_Bytes_i_L0
0x0001       [1]    __Lib_PS2_Wait_Falling_nsample_L0
0x0001       [1]    FLASH_Erase_Write_64_i_L0
0x0001       [1]    I2C1_Rd_tmp_L0
0x0002       [2]    memchr_s_L0
0x0002       [2]    memset_pp_L0
0x0002       [2]    strlen_cp_L0
0x0002       [2]    memcpy_dd_L0
0x0002       [1]    FLASH_Erase_Write_64_j_L0
0x0002       [1]    FLASH_Write_8_SaveINTCON_L0
0x0002       [1]    R2
0x0003       [2]    Ltrim_original_L0
0x0003       [2]    memmove_tt_L0
0x0003       [1]    FLASH_Erase_Write_64_SaveINTCON_L0
0x0003       [1]    R3
0x0004       [2]    strcat_cp_L0
0x0004       [2]    frexp_pom_L0
0x0004       [2]    strcpy_cp_L0
0x0004       [2]    memcpy_ss_L0
0x0004       [2]    strncpy_cp_L0
0x0004       [1]    R4
0x0004       [2]    strncat_cp_L0
0x0005       [2]    Ltrim_p_L0
0x0005       [2]    memmove_ff_L0
0x0005       [1]    R5
0x0005       [2]    LongWordToHex_input_half_L0
0x0005       [2]    LongIntToHex_input_half_L0
0x0006       [1]    R6
0x0007       [1]    R7
0x0007       [1]    __Lib_TFT_JPEG_GenerateHuffmanTables_bLength_L0
0x0008       [1]    __Lib_TFT_JPEG_GenerateHuffmanTables_bTable_L0
0x0008       [1]    R8
0x0009       [1]    R9
0x000A       [1]    R10
0x000B       [1]    R11
0x000C       [1]    R12
0x000D       [1]    R13
0x000E       [1]    R14
0x000F       [1]    R15
0x0010       [1]    R16
0x0011       [1]    R17
0x0012       [1]    R18
0x0013       [1]    R19
0x0014       [1]    R20
0x0015       [6]    ?lstr1_UART_32SAMPLE_322
0x001B      [12]    ?lstr3_UART_32SAMPLE_322
0x0027      [12]    ?lstr2_UART_32SAMPLE_322
0x0033       [1]    _uart_rd
0x0034       [4]    _UART_Rd_Ptr
0x0038       [4]    _UART_Wr_Ptr
0x003C       [4]    _UART_Tx_Idle_Ptr
0x0040       [4]    _UART_Rdy_Ptr
0x0044       [2]    FARG_UART1_Write_Text_uart_text
0x0046       [1]    UART1_Write_Text_data__L0
0x0047       [1]    UART1_Write_Text_counter_L0
0x0048       [1]    FARG_UART1_Write_data_
0x0F80       [1]    PORTA
0x0F81       [1]    PORTB
0x0F82       [1]    PORTC
0x0F83       [1]    PORTD
0x0F84       [1]    PORTE
0x0F89       [1]    LATA
0x0F8A       [1]    LATB
0x0F8B       [1]    LATC
0x0F8C       [1]    LATD
0x0F8D       [1]    LATE
0x0F92       [1]    TRISA
0x0F93       [1]    TRISB
0x0F94       [0]    TRISC6_bit
0x0F94       [1]    TRISC
0x0F94       [0]    TRISC7_bit
0x0F95       [1]    TRISD
0x0F96       [1]    TRISE
0x0F9D       [1]    PIE1
0x0F9E       [1]    PIR1
0x0F9F       [1]    IPR1
0x0FA0       [1]    PIE2
0x0FA1       [1]    PIR2
0x0FA2       [1]    IPR2
0x0FA6       [1]    EECON1
0x0FAB       [1]    RCSTA
0x0FAC       [1]    TXSTA
0x0FAD       [1]    TXREG
0x0FAE       [1]    RCREG
0x0FAF       [1]    SPBRG
0x0FB1       [1]    T3CON
0x0FBA       [1]    CCP2CON
0x0FBD       [1]    CCP1CON
0x0FC1       [1]    ADCON1
0x0FC2       [1]    ADCON0
0x0FC5       [1]    SSPCON2
0x0FC6       [1]    SSPCON1
0x0FC7       [1]    SSPSTAT
0x0FCA       [1]    T2CON
0x0FCD       [1]    T1CON
0x0FD0       [1]    RCON
0x0FD1       [1]    WDTCON
0x0FD2       [1]    LVDCON
0x0FD3       [1]    OSCCON
0x0FD5       [1]    T0CON
0x0FD8       [1]    STATUS
0x0FD9       [1]    FSR2L
0x0FDA       [1]    FSR2H
0x0FDE       [1]    POSTINC2
0x0FE0       [1]    BSR
0x0FE1       [1]    FSR1L
0x0FE2       [1]    FSR1H
0x0FE4       [1]    PREINC1
0x0FE6       [1]    POSTINC1
0x0FE7       [1]    INDF1
0x0FE8       [1]    WREG
0x0FE9       [1]    FSR0L
0x0FEA       [1]    FSR0H
0x0FEE       [1]    POSTINC0
0x0FF0       [1]    INTCON3
0x0FF1       [1]    INTCON2
0x0FF2       [1]    INTCON
0x0FF3       [1]    PRODL
0x0FF4       [1]    PRODH
0x0FF5       [1]    TABLAT
0x0FF6       [1]    TBLPTRL
0x0FF7       [1]    TBLPTRH
0x0FF8       [1]    TBLPTRU
0x0FFB       [1]    PCLATU
0x0FFC       [1]    STKPTR
//** Constants locations ** 
//ADDRESS    SIZE    CONSTANT
//----------------------------------------------
0x0162       [6]    ?ICS?lstr1_UART_32SAMPLE_322
0x0168      [12]    ?ICS?lstr3_UART_32SAMPLE_322
0x0174      [12]    ?ICS?lstr2_UART_32SAMPLE_322
//** Label List: ** 
//----------------------------------------------
  L_end_P18F452___?ag
  P18F452____?ag
  L_main0
  L_main1
  L_main2
  L_main3
  L_main4
  L_main5
  L_main6
  L_main7
  L_main8
  L_main9
  L_main10
  L_end_LF_CR
  _LF_CR
  L_end_main
  _main
  _CC2D_Loop1
  _CC2DL_Loop1
  L_longjmp2
  L_end___CC2D
  ___CC2D
  L_end___CC2DW
  ___CC2DW
  L_end_____DoIFC
  _____DoIFC
  L_end_Swap
  _Swap
  L_end_setjmp
  _setjmp
  L_end_longjmp
  _longjmp
  L_UART1_Init0
  L_UART1_Init1
  L_UART1_Read2
  L_UART1_Write3
  L_UART1_Write4
  L_UART1_Write_Text5
  L_UART1_Write_Text6
  L_UART1_Read_Text7
  L_UART1_Read_Text8
  L_UART1_Read_Text9
  L_UART1_Read_Text10
  L_UART1_Read_Text11
  L_UART1_Read_Text12
  L_UART1_Read_Text13
  L_UART1_Read_Text14
  L_UART1_Read_Text15
  L_UART_Write_Text16
  L_UART_Write_Text17
  L_UART_Read_Text18
  L_UART_Read_Text19
  L_UART_Read_Text20
  L_UART_Read_Text21
  L_UART_Read_Text22
  L_UART_Read_Text23
  L_UART_Read_Text24
  L_UART_Read_Text25
  L_UART_Read_Text26
  L_end_UART1_Init
  _UART1_Init
  L_end_UART1_Data_Ready
  _UART1_Data_Ready
  L_end_UART1_Read
  _UART1_Read
  L_end_UART1_Tx_Idle
  _UART1_Tx_Idle
  L_end_UART1_Write
  _UART1_Write
  L_end_UART1_Write_Text
  _UART1_Write_Text
  L_end_UART1_Read_Text
  _UART1_Read_Text
  L_end_UART_Set_Active
  _UART_Set_Active
  L_end_UART_Write
  _UART_Write
  L_end_UART_Write_Text
  _UART_Write_Text
  L_end_UART_Read
  _UART_Read
  L_end_UART_Data_Ready
  _UART_Data_Ready
  L_end_UART_Read_Text
  _UART_Read_Text
  L_end_UART_Tx_Idle
  _UART_Tx_Idle
