;  LST file generated by mikroListExporter - v.2.0 
; Date/Time: 7/25/2011 6:03:44 AM
;----------------------------------------------

;Address Opcode 	ASM
0x0000	0xF000EF11  	GOTO        34
_interrupt:
;INTERRUPT INT0.c,22 :: 		void interrupt()
;INTERRUPT INT0.c,24 :: 		if (INTCON.INT0IF) {                      // Check for External INT0 Interrupt
0x0008	0xA2F2      	BTFSS       INTCON, 1 
0x000A	0xD002      	BRA         L_interrupt3
;INTERRUPT INT0.c,25 :: 		INTCON.INT0IF = 0;                     // Clear INT0 interrupt flag
0x000C	0x92F2      	BCF         INTCON, 1 
;INTERRUPT INT0.c,26 :: 		PORTD=~PORTD;
0x000E	0x1E83      	COMF        PORTD, 1 
;INTERRUPT INT0.c,27 :: 		}
L_interrupt3:
;INTERRUPT INT0.c,28 :: 		}
L_end_interrupt:
L__interrupt6:
0x0010	0x0011      	RETFIE      1
; end of _interrupt
___CC2DW:
;__Lib_System.c,21 :: 		
;__Lib_System.c,23 :: 		
_CC2DL_Loop1:
;__Lib_System.c,24 :: 		
0x0012	0x0009      	TBLRD*+
;__Lib_System.c,25 :: 		
0x0014	0xFFE6CFF5  	MOVFF       TABLAT, POSTINC1
;__Lib_System.c,26 :: 		
0x0018	0x0600      	DECF        R0, 1, 0
;__Lib_System.c,27 :: 		
0x001A	0xE1FB      	BNZ         _CC2DL_Loop1
;__Lib_System.c,28 :: 		
0x001C	0x0601      	DECF        R1, 1, 0
;__Lib_System.c,29 :: 		
0x001E	0xE1F9      	BNZ         _CC2DL_Loop1
;__Lib_System.c,31 :: 		
L_end___CC2DW:
0x0020	0x0012      	RETURN      0
; end of ___CC2DW
_main:
;INTERRUPT INT0.c,1 :: 		void main()
;INTERRUPT INT0.c,3 :: 		ADCON1=0X06;
0x0022	0x0E06      	MOVLW       6
0x0024	0x6EC1      	MOVWF       ADCON1 
;INTERRUPT INT0.c,4 :: 		TRISB=255;
0x0026	0x0EFF      	MOVLW       255
0x0028	0x6E93      	MOVWF       TRISB 
;INTERRUPT INT0.c,5 :: 		TRISC=0;
0x002A	0x6A94      	CLRF        TRISC 
;INTERRUPT INT0.c,6 :: 		TRISD=0;
0x002C	0x6A95      	CLRF        TRISD 
;INTERRUPT INT0.c,8 :: 		PORTB=0;
0x002E	0x6A81      	CLRF        PORTB 
;INTERRUPT INT0.c,9 :: 		PORTC=0;
0x0030	0x6A82      	CLRF        PORTC 
;INTERRUPT INT0.c,10 :: 		PORTD=0;
0x0032	0x6A83      	CLRF        PORTD 
;INTERRUPT INT0.c,12 :: 		INTCON.INT0IE=1;   //Int0 Enable
0x0034	0x88F2      	BSF         INTCON, 4 
;INTERRUPT INT0.c,13 :: 		INTCON2.INTEDG0=1; // ZERO FOR LOW EDGE SELEVT
0x0036	0x8CF1      	BSF         INTCON2, 6 
;INTERRUPT INT0.c,14 :: 		INTCON.GIE=1;
0x0038	0x8EF2      	BSF         INTCON, 7 
;INTERRUPT INT0.c,15 :: 		while(1)
L_main0:
;INTERRUPT INT0.c,17 :: 		delay_ms(300);
0x003A	0x0E08      	MOVLW       8
0x003C	0x6E0B      	MOVWF       R11, 0
0x003E	0x0E9D      	MOVLW       157
0x0040	0x6E0C      	MOVWF       R12, 0
0x0042	0x0E05      	MOVLW       5
0x0044	0x6E0D      	MOVWF       R13, 0
L_main2:
0x0046	0x2E0D      	DECFSZ      R13, 1, 0
0x0048	0xD7FE      	BRA         L_main2
0x004A	0x2E0C      	DECFSZ      R12, 1, 0
0x004C	0xD7FC      	BRA         L_main2
0x004E	0x2E0B      	DECFSZ      R11, 1, 0
0x0050	0xD7FA      	BRA         L_main2
0x0052	0x0000      	NOP
0x0054	0x0000      	NOP
;INTERRUPT INT0.c,18 :: 		PORTC=~PORTC;
0x0056	0x1E82      	COMF        PORTC, 1 
;INTERRUPT INT0.c,19 :: 		}
0x0058	0xD7F0      	BRA         L_main0
;INTERRUPT INT0.c,20 :: 		}
L_end_main:
0x005A	0xD7FF      	BRA         $+0
; end of _main
Symbol List:
//** Routines locations **
//ADDRESS    SIZE    PROCEDURE
//----------------------------------------------
0x0008      [10]    _interrupt
0x0012      [16]    ___CC2DW
0x0022      [58]    _main
//** Variables locations ** 
//ADDRESS    SIZE    VARIABLE
//----------------------------------------------
0x0000       [1]    __Lib_SoftI2C_PutZerosToLATSda_temp_sda_L0
0x0000       [1]    UART1_Init_tmp_L0
0x0000       [1]    FLASH_Erase_64_SaveINTCON_L0
0x0000       [1]    R0
0x0000       [1]    EEPROM_Write_SaveINTCON_L0
0x0000       [1]    SPI1_Write_tmp_L0
0x0000       [1]    __Lib_SoftI2C_PutZerosToLATScl_temp_scl_L0
0x0001       [1]    I2C1_Rd_tmp_L0
0x0001       [1]    __Lib_PS2_Wait_Falling_nsample_L0
0x0001       [2]    FLASH_Read_N_Bytes_i_L0
0x0001       [1]    __Lib_TFT_JPEG_FileReadBytes_Result_L0
0x0001       [1]    FLASH_Erase_Write_64_i_L0
0x0001       [1]    __Lib_TFT_JPEG_FileRead_i_L0
0x0001       [1]    ispunct_rslt_L0
0x0001       [1]    R1
0x0001       [1]    UART1_Read___tmp_UART1_Read_L0
0x0001       [1]    FLASH_Write_8_i_L0
0x0002       [2]    memcpy_dd_L0
0x0002       [2]    strlen_cp_L0
0x0002       [1]    FLASH_Erase_Write_64_j_L0
0x0002       [1]    R2
0x0002       [2]    memchr_s_L0
0x0002       [2]    memset_pp_L0
0x0002       [1]    FLASH_Write_8_SaveINTCON_L0
0x0003       [1]    FLASH_Erase_Write_64_SaveINTCON_L0
0x0003       [2]    Ltrim_original_L0
0x0003       [2]    memmove_tt_L0
0x0003       [1]    R3
0x0004       [2]    strcat_cp_L0
0x0004       [2]    strncat_cp_L0
0x0004       [2]    memcpy_ss_L0
0x0004       [2]    frexp_pom_L0
0x0004       [2]    strncpy_cp_L0
0x0004       [1]    R4
0x0004       [2]    strcpy_cp_L0
0x0005       [1]    R5
0x0005       [2]    memmove_ff_L0
0x0005       [2]    Ltrim_p_L0
0x0005       [2]    LongIntToHex_input_half_L0
0x0005       [2]    LongWordToHex_input_half_L0
0x0006       [1]    R6
0x0007       [1]    __Lib_TFT_JPEG_GenerateHuffmanTables_bLength_L0
0x0007       [1]    R7
0x0008       [1]    __Lib_TFT_JPEG_GenerateHuffmanTables_bTable_L0
0x0008       [1]    R8
0x0009       [1]    R9
0x000A       [1]    R10
0x000B       [1]    R11
0x000C       [1]    R12
0x000D       [1]    R13
0x000E       [1]    R14
0x000F       [1]    R15
0x0010       [1]    R16
0x0011       [1]    R17
0x0012       [1]    R18
0x0013       [1]    R19
0x0014       [1]    R20
0x0F80       [1]    PORTA
0x0F81       [1]    PORTB
0x0F82       [1]    PORTC
0x0F83       [1]    PORTD
0x0F84       [1]    PORTE
0x0F89       [1]    LATA
0x0F8A       [1]    LATB
0x0F8B       [1]    LATC
0x0F8C       [1]    LATD
0x0F8D       [1]    LATE
0x0F92       [1]    TRISA
0x0F93       [1]    TRISB
0x0F94       [1]    TRISC
0x0F95       [1]    TRISD
0x0F96       [1]    TRISE
0x0F9D       [1]    PIE1
0x0F9E       [1]    PIR1
0x0F9F       [1]    IPR1
0x0FA0       [1]    PIE2
0x0FA1       [1]    PIR2
0x0FA2       [1]    IPR2
0x0FA6       [1]    EECON1
0x0FAB       [1]    RCSTA
0x0FAC       [1]    TXSTA
0x0FB1       [1]    T3CON
0x0FBA       [1]    CCP2CON
0x0FBD       [1]    CCP1CON
0x0FC1       [1]    ADCON1
0x0FC2       [1]    ADCON0
0x0FC5       [1]    SSPCON2
0x0FC6       [1]    SSPCON1
0x0FC7       [1]    SSPSTAT
0x0FCA       [1]    T2CON
0x0FCD       [1]    T1CON
0x0FD0       [1]    RCON
0x0FD1       [1]    WDTCON
0x0FD2       [1]    LVDCON
0x0FD3       [1]    OSCCON
0x0FD5       [1]    T0CON
0x0FD8       [1]    STATUS
0x0FD9       [1]    FSR2L
0x0FDA       [1]    FSR2H
0x0FDE       [1]    POSTINC2
0x0FE0       [1]    BSR
0x0FE1       [1]    FSR1L
0x0FE2       [1]    FSR1H
0x0FE4       [1]    PREINC1
0x0FE6       [1]    POSTINC1
0x0FE7       [1]    INDF1
0x0FE8       [1]    WREG
0x0FE9       [1]    FSR0L
0x0FEA       [1]    FSR0H
0x0FEE       [1]    POSTINC0
0x0FF0       [1]    INTCON3
0x0FF1       [1]    INTCON2
0x0FF2       [1]    INTCON
0x0FF3       [1]    PRODL
0x0FF4       [1]    PRODH
0x0FF5       [1]    TABLAT
0x0FF6       [1]    TBLPTRL
0x0FF7       [1]    TBLPTRH
0x0FF8       [1]    TBLPTRU
0x0FFB       [1]    PCLATU
0x0FFC       [1]    STKPTR
//** Label List: ** 
//----------------------------------------------
  L_main0
  L_main1
  L_main2
  L_interrupt3
  L_end_main
  _main
  L_end_interrupt
  _interrupt
  L__interrupt6
  L_end_P18F452___?ag
  P18F452____?ag
  _CC2D_Loop1
  _CC2DL_Loop1
  L_longjmp2
  L_end___CC2D
  ___CC2D
  L_end___CC2DW
  ___CC2DW
  L_end_____DoIFC
  _____DoIFC
  L_end_Swap
  _Swap
  L_end_setjmp
  _setjmp
  L_end_longjmp
  _longjmp
  L_main0
  L_main1
  L_main2
  L_interrupt3
  L_end_main
  _main
  L_end_interrupt
  _interrupt
  L__interrupt6
