0	1	mikroCPIC1618.exe -MSF -DBG -pP18F4620 -DL -O11111115 -fo20 -N"F:\LAPTOP DRIVE E\PROGRAM of  microcontroller\MIKRO C PROGRAM FOR STUDENT\VOLTMETER WITH LCD\VOLTMETER WITH LCD.mcppi" -SP"C:\Program Files\Mikroelektronika\mikroC PRO for PIC\defs\" -SP"C:\Program Files\Mikroelektronika\mikroC PRO for PIC\uses\P18\" -SP"F:\LAPTOP DRIVE E\PROGRAM of  microcontroller\MIKRO C PROGRAM FOR STUDENT\VOLTMETER WITH LCD\" "VOLTMETER WITH LCD.c" "__Lib_Math.mcl" "__Lib_MathDouble.mcl" "__Lib_System.mcl" "__Lib_Delays.mcl" "__Lib_CType.mcl" "__Lib_CString.mcl" "__Lib_CStdlib.mcl" "__Lib_CMath.mcl" "__Lib_Conversions.mcl" "__Lib_Sprintf.mcl" "__Lib_PrintOut.mcl" "__Lib_Sprinti.mcl" "__Lib_Sprintl.mcl" "__Lib_Time.mcl" "__Lib_Trigonometry.mcl" "__Lib_Button.mcl" "__Lib_Keypad4x4.mcl" "__Lib_Manchester.mcl" "__Lib_OneWire.mcl" "__Lib_PS2.mcl" "__Lib_Sound.mcl" "__Lib_SoftI2C.mcl" "__Lib_SoftSPI.mcl" "__Lib_SoftUART.mcl" "__Lib_ADC_A_D.mcl" "__Lib_EEPROM_1024.mcl" "__Lib_FLASH_w64_e64.mcl" "__Lib_I2C_c34.mcl" "__Lib_PWM_c21.mcl" "__Lib_SPI_c345.mcl" "__Lib_UART_c67.mcl" "__Lib_PortExpander.mcl" "__Lib_CANSPI.mcl" "__Lib_CF.mcl" "__Lib_CFFat16.mcl" "__Lib_GlcdFonts.mcl" "__Lib_Glcd.mcl" "__Lib_LcdConsts.mcl" "__Lib_Lcd.mcl" "__Lib_Mmc.mcl" "__Lib_MmcFat16.mcl" "__Lib_RS485.mcl" "__Lib_S1D13700.mcl" "__Lib_T6963C.mcl" "__Lib_SPIGlcd.mcl" "__Lib_SPILcd.mcl" "__Lib_SPILcd8.mcl" "__Lib_SPIT6963C.mcl" "__Lib_EthEnc28j60.mcl" "__Lib_TFT.mcl" "__Lib_TouchPanel_TFT.mcl" "__Lib_EthEnc24j600.mcl" "__Lib_TouchPanel.mcl"	 
hint: 0	1139	Available RAM: 3947 [bytes], Available ROM: 65536 [bytes]	 
diagnostics: 0	122	Compilation Started	P18F4620.c
diagnostics: 1389	123	Compiled Successfully	P18F4620.c
diagnostics: 0	122	Compilation Started	__Lib_Delays.c
diagnostics: 172	123	Compiled Successfully	__Lib_Delays.c
diagnostics: 0	126	All files Preprocessed in 15 ms	 
diagnostics: 0	122	Compilation Started	VOLTMETER WITH LCD.c
hint: 19	1163	Variable 'v_in' has been declared, but not used	VOLTMETER WITH LCD.c
hint: 19	1163	Variable 'mV' has been declared, but not used	VOLTMETER WITH LCD.c
hint: 20	1163	Variable 'op' has been declared, but not used	VOLTMETER WITH LCD.c
hint: 21	1163	Variable 'i' has been declared, but not used	VOLTMETER WITH LCD.c
hint: 21	1163	Variable 'j' has been declared, but not used	VOLTMETER WITH LCD.c
hint: 21	1163	Variable 'lcd' has been declared, but not used	VOLTMETER WITH LCD.c
diagnostics: 44	123	Compiled Successfully	VOLTMETER WITH LCD.c
diagnostics: 0	127	All files Compiled in 47 ms	 
hint: 0	1144	Used RAM (bytes): 41 (1%)  Free RAM (bytes): 3906 (99%)	Used RAM (bytes): 41 (1%)  Free RAM (bytes): 3906 (99%)
hint: 0	1144	Used ROM (bytes): 682 (1%)  Free ROM (bytes): 64854 (99%)	Used ROM (bytes): 682 (1%)  Free ROM (bytes): 64854 (99%)
diagnostics: 0	125	Project Linked Successfully	VOLTMETER WITH LCD.mcppi
diagnostics: 0	128	Linked in 1109 ms	 
diagnostics: 0	129	Project 'VOLTMETER WITH LCD.mcppi' completed: 1625 ms	 
diagnostics: 0	103	Finished successfully: 28 Aug 2008, 16:58:48	VOLTMETER WITH LCD.mcppi
